#
# There is insufficient memory for the Java Runtime Environment to continue.
# Native memory allocation (malloc) failed to allocate 1252576 bytes for Chunk::new
# Possible reasons:
#   The system is out of physical RAM or swap space
#   The process is running with CompressedOops enabled, and the Java Heap may be blocking the growth of the native heap
# Possible solutions:
#   Reduce memory load on the system
#   Increase physical memory or swap space
#   Check if swap backing store is full
#   Decrease Java heap size (-Xmx/-Xms)
#   Decrease number of Java threads
#   Decrease Java thread stack sizes (-Xss)
#   Set larger code cache with -XX:ReservedCodeCacheSize=
#   JVM is running with Unscaled Compressed Oops mode in which the Java heap is
#     placed in the first 4GB address space. The Java Heap base address is the
#     maximum limit for the native heap growth. Please use -XX:HeapBaseMinAddress
#     to set the Java Heap base and to place the Java Heap above 4GB virtual address.
# This output file may be truncated or incomplete.
#
#  Out of Memory Error (./src/hotspot/share/memory/arena.cpp:197), pid=31312, tid=19548
#
# JRE version: OpenJDK Runtime Environment (11.0.11+9) (build 11.0.11+9-b60-7590822)
# Java VM: OpenJDK 64-Bit Server VM (11.0.11+9-b60-7590822, mixed mode, tiered, compressed oops, g1 gc, windows-amd64)
# No core dump will be written. Minidumps are not enabled by default on client versions of Windows
#

---------------  S U M M A R Y ------------

Command Line: --add-opens=java.base/java.util=ALL-UNNAMED --add-opens=java.base/java.lang=ALL-UNNAMED --add-opens=java.base/java.lang.invoke=ALL-UNNAMED --add-opens=java.prefs/java.util.prefs=ALL-UNNAMED -Xmx2048m -Dfile.encoding=UTF-8 -Duser.country=IN -Duser.language=en -Duser.variant org.gradle.launcher.daemon.bootstrap.GradleDaemon 6.5

Host: AMD Ryzen 5 5600H with Radeon Graphics         , 12 cores, 7G,  Windows 10 , 64 bit Build 22000 (10.0.22000.613)
Time: Thu Jun  2 14:09:38 2022 India Standard Time elapsed time: 11.791715 seconds (0d 0h 0m 11s)

---------------  T H R E A D  ---------------

Current thread (0x000001bc79582000):  JavaThread "C2 CompilerThread0" daemon [_thread_in_native, id=19548, stack(0x00000064c7300000,0x00000064c7400000)]


Current CompileTask:
C2:  11791 10216   !   4       java.io.ObjectOutputStream::writeObject0 (619 bytes)

Stack: [0x00000064c7300000,0x00000064c7400000]
Native frames: (J=compiled Java code, j=interpreted, Vv=VM code, C=native code)
V  [jvm.dll+0x5f214a]
V  [jvm.dll+0x726fb5]
V  [jvm.dll+0x7285cd]
V  [jvm.dll+0x728c83]
V  [jvm.dll+0x243278]
V  [jvm.dll+0xbc53c]
V  [jvm.dll+0xbca3c]
V  [jvm.dll+0x2b5c34]
V  [jvm.dll+0x508488]
V  [jvm.dll+0x203d53]
V  [jvm.dll+0x1fdbac]
V  [jvm.dll+0x1fb35f]
V  [jvm.dll+0x183d6c]
V  [jvm.dll+0x209a57]
V  [jvm.dll+0x2082a1]
V  [jvm.dll+0x6ef58f]
V  [jvm.dll+0x6e80b5]
V  [jvm.dll+0x5f1036]
C  [ucrtbase.dll+0x26c0c]
C  [KERNEL32.DLL+0x154e0]
C  [ntdll.dll+0x485b]


---------------  P R O C E S S  ---------------

Threads class SMR info:
_java_thread_list=0x000001bc113bf180, length=178, elements={
0x000001bc6dc9d800, 0x000001bc7955a000, 0x000001bc79563000, 0x000001bc79f22800,
0x000001bc79576000, 0x000001bc79577000, 0x000001bc79582000, 0x000001bc7958c000,
0x000001bc7958d000, 0x000001bc7a06d800, 0x000001bc7c044800, 0x000001bc7b780800,
0x000001bc7b598800, 0x000001bc7b82a800, 0x000001bc7ba51000, 0x000001bc7b4cd000,
0x000001bc7b4cd800, 0x000001bc7b3d6000, 0x000001bc7b5c3800, 0x000001bc7b332000,
0x000001bc7b331800, 0x000001bc7b32f000, 0x000001bc7b32e000, 0x000001bc7b333000,
0x000001bc7b32f800, 0x000001bc7b334000, 0x000001bc7b330800, 0x000001bc7b334800,
0x000001bc7cced000, 0x000001bc7ccea800, 0x000001bc7cced800, 0x000001bc7ccef800,
0x000001bc7cceb000, 0x000001bc7cce9800, 0x000001bc7ccf0000, 0x000001bc7e083000,
0x000001bc7e07f000, 0x000001bc7e082800, 0x000001bc7e080000, 0x000001bc7e084000,
0x000001bc7e080800, 0x000001bc7e086800, 0x000001bc7e081800, 0x000001bc7e08a800,
0x000001bc7e087000, 0x000001bc7e088000, 0x000001bc7e089000, 0x000001bc7e089800,
0x000001bc7e085000, 0x000001bc7e08b800, 0x000001bc7e085800, 0x000001bc7e08c000,
0x000001bc7e08d000, 0x000001bc7e08d800, 0x000001bc7c45f000, 0x000001bc7c461000,
0x000001bc7c460000, 0x000001bc7c45e800, 0x000001bc7c461800, 0x000001bc7c462800,
0x000001bc7c45c800, 0x000001bc7c45d800, 0x000001bc7c465800, 0x000001bc7c464000,
0x000001bc7c466800, 0x000001bc7c465000, 0x000001bc7c468000, 0x000001bc7c467800,
0x000001bc7c469000, 0x000001bc7c463800, 0x000001bc7c46a000, 0x000001bc7c46b800,
0x000001bc7c46a800, 0x000001bc7a284800, 0x000001bc7a281000, 0x000001bc7a285000,
0x000001bc7a280000, 0x000001bc7a27f800, 0x000001bc7a283800, 0x000001bc7a286000,
0x000001bc7a286800, 0x000001bc7a282800, 0x000001bc7a287800, 0x000001bc7a282000,
0x000001bc7a28d000, 0x000001bc7a288800, 0x000001bc7a289000, 0x000001bc7a28a000,
0x000001bc7a28b800, 0x000001bc7a28c800, 0x000001bc7a28e000, 0x000001bc7a28b000,
0x000001bc79f50800, 0x000001bc79f51000, 0x000001bc79f4e800, 0x000001bc79f4c000,
0x000001bc79f52000, 0x000001bc79f52800, 0x000001bc79f4f800, 0x000001bc79f4d000,
0x000001bc79f53800, 0x000001bc79f4e000, 0x000001bc79f55000, 0x000001bc79f5a000,
0x000001bc79f59800, 0x000001bc79f56000, 0x000001bc79f58800, 0x000001bc79f54800,
0x000001bc79f57800, 0x000001bc79f57000, 0x000001bc79f5b000, 0x000001bc7abd7800,
0x000001bc7abd4800, 0x000001bc7abd8800, 0x000001bc7abd9800, 0x000001bc7abd3800,
0x000001bc7abd7000, 0x000001bc7abda000, 0x000001bc7abdb000, 0x000001bc7abd5800,
0x000001bc7abdc000, 0x000001bc7abd6000, 0x000001bc7abdc800, 0x000001bc7abe0000,
0x000001bc7abde800, 0x000001bc7abdf000, 0x000001bc7abdd800, 0x000001bc7abe0800,
0x000001bc7abe1800, 0x000001bc7abe2800, 0x000001bc7c550000, 0x000001bc7c551000,
0x000001bc7c552000, 0x000001bc7c552800, 0x000001bc7c553800, 0x000001bc7c54e000,
0x000001bc7c554800, 0x000001bc7c54f800, 0x000001bc7c54e800, 0x000001bc7c55b000,
0x000001bc7c55a000, 0x000001bc7c558800, 0x000001bc7c557000, 0x000001bc7c557800,
0x000001bc7c559000, 0x000001bc7c555000, 0x000001bc7c55b800, 0x000001bc7c55c800,
0x000001bc7eea8800, 0x000001bc7eeab800, 0x000001bc7eeab000, 0x000001bc7e191000,
0x000001bc7ec40000, 0x000001bc7eeac800, 0x000001bc7eea6800, 0x000001bc7eead800,
0x000001bc7eeaa000, 0x000001bc7eea7800, 0x000001bc7eeae000, 0x000001bc7eeaf000,
0x000001bc7eea9000, 0x000001bc7eeb2000, 0x000001bc7eeb3000, 0x000001bc7eeb1800,
0x000001bc7eeb4800, 0x000001bc7eeb4000, 0x000001bc7eeb5800, 0x000001bc7eeaf800,
0x000001bc7eeb0800, 0x000001bc7ed80000, 0x000001bc7ed7c800, 0x000001bc7ed7f000,
0x000001bc7ed7b800, 0x000001bc7ed83000, 0x000001bc7ed7d800, 0x000001bc7ed84000,
0x000001bc7ed86800, 0x000001bc7ed85800
}

Java Threads: ( => current thread )
  0x000001bc6dc9d800 JavaThread "main" [_thread_blocked, id=30728, stack(0x00000064c6700000,0x00000064c6800000)]
  0x000001bc7955a000 JavaThread "Reference Handler" daemon [_thread_blocked, id=23836, stack(0x00000064c6e00000,0x00000064c6f00000)]
  0x000001bc79563000 JavaThread "Finalizer" daemon [_thread_blocked, id=33052, stack(0x00000064c6f00000,0x00000064c7000000)]
  0x000001bc79f22800 JavaThread "Signal Dispatcher" daemon [_thread_blocked, id=25828, stack(0x00000064c7000000,0x00000064c7100000)]
  0x000001bc79576000 JavaThread "Attach Listener" daemon [_thread_blocked, id=32084, stack(0x00000064c7100000,0x00000064c7200000)]
  0x000001bc79577000 JavaThread "Service Thread" daemon [_thread_blocked, id=31972, stack(0x00000064c7200000,0x00000064c7300000)]
=>0x000001bc79582000 JavaThread "C2 CompilerThread0" daemon [_thread_in_native, id=19548, stack(0x00000064c7300000,0x00000064c7400000)]
  0x000001bc7958c000 JavaThread "C1 CompilerThread0" daemon [_thread_in_native, id=10636, stack(0x00000064c7400000,0x00000064c7500000)]
  0x000001bc7958d000 JavaThread "Sweeper thread" daemon [_thread_blocked, id=31468, stack(0x00000064c7500000,0x00000064c7600000)]
  0x000001bc7a06d800 JavaThread "Common-Cleaner" daemon [_thread_blocked, id=21472, stack(0x00000064c7600000,0x00000064c7700000)]
  0x000001bc7c044800 JavaThread "Daemon health stats" [_thread_blocked, id=31920, stack(0x00000064c7900000,0x00000064c7a00000)]
  0x000001bc7b780800 JavaThread "Incoming local TCP Connector on port 50286" [_thread_in_native, id=5048, stack(0x00000064c7c00000,0x00000064c7d00000)]
  0x000001bc7b598800 JavaThread "Daemon periodic checks" [_thread_blocked, id=26028, stack(0x00000064c7d00000,0x00000064c7e00000)]
  0x000001bc7b82a800 JavaThread "Daemon" [_thread_blocked, id=26496, stack(0x00000064c7e00000,0x00000064c7f00000)]
  0x000001bc7ba51000 JavaThread "Handler for socket connection from /127.0.0.1:50286 to /127.0.0.1:50287" [_thread_in_native, id=32540, stack(0x00000064c7f00000,0x00000064c8000000)]
  0x000001bc7b4cd000 JavaThread "Cancel handler" [_thread_blocked, id=33556, stack(0x00000064c8000000,0x00000064c8100000)]
  0x000001bc7b4cd800 JavaThread "Daemon worker" [_thread_blocked, id=31012, stack(0x00000064c8100000,0x00000064c8200000)]
  0x000001bc7b3d6000 JavaThread "Asynchronous log dispatcher for DefaultDaemonConnection: socket connection from /127.0.0.1:50286 to /127.0.0.1:50287" [_thread_blocked, id=21360, stack(0x00000064c8200000,0x00000064c8300000)]
  0x000001bc7b5c3800 JavaThread "Stdin handler" [_thread_blocked, id=31088, stack(0x00000064c8300000,0x00000064c8400000)]
  0x000001bc7b332000 JavaThread "Thread-8" [_thread_blocked, id=32980, stack(0x00000064c8400000,0x00000064c8500000)]
  0x000001bc7b331800 JavaThread "Cache worker for journal cache (C:\Users\muham\.gradle\caches\journal-1)" [_thread_blocked, id=31048, stack(0x00000064c8e00000,0x00000064c8f00000)]
  0x000001bc7b32f000 JavaThread "File lock request listener" [_thread_in_native, id=18544, stack(0x00000064c8f00000,0x00000064c9000000)]
  0x000001bc7b32e000 JavaThread "Cache worker for file hash cache (C:\Users\muham\.gradle\caches\6.5\fileHashes)" [_thread_blocked, id=3696, stack(0x00000064c9000000,0x00000064c9100000)]
  0x000001bc7b333000 JavaThread "Cache worker for file hash cache (C:\yzr\app\Simple-ARApp\.gradle\6.5\fileHashes)" [_thread_blocked, id=31504, stack(0x00000064c9300000,0x00000064c9400000)]
  0x000001bc7b32f800 JavaThread "Cache worker for checksums cache (C:\yzr\app\Simple-ARApp\.gradle\checksums)" [_thread_blocked, id=31532, stack(0x00000064c9400000,0x00000064c9500000)]
  0x000001bc7b334000 JavaThread "Cache worker for cache directory md-supplier (C:\Users\muham\.gradle\caches\6.5\md-supplier)" [_thread_blocked, id=22544, stack(0x00000064c9500000,0x00000064c9600000)]
  0x000001bc7b330800 JavaThread "Cache worker for cache directory md-rule (C:\Users\muham\.gradle\caches\6.5\md-rule)" [_thread_blocked, id=31800, stack(0x00000064c9600000,0x00000064c9700000)]
  0x000001bc7b334800 JavaThread "Cache worker for execution history cache (C:\Users\muham\.gradle\caches\6.5\executionHistory)" [_thread_blocked, id=33180, stack(0x00000064c9700000,0x00000064c9800000)]
  0x000001bc7cced000 JavaThread "jar transforms" [_thread_blocked, id=9900, stack(0x00000064c9800000,0x00000064c9900000)]
  0x000001bc7ccea800 JavaThread "Cache worker for file content cache (C:\Users\muham\.gradle\caches\6.5\fileContent)" [_thread_blocked, id=32492, stack(0x00000064c9900000,0x00000064c9a00000)]
  0x000001bc7cced800 JavaThread "Build operations" [_thread_blocked, id=33260, stack(0x00000064c9b00000,0x00000064c9c00000)]
  0x000001bc7ccef800 JavaThread "Build operations Thread 2" [_thread_blocked, id=33264, stack(0x00000064c9c00000,0x00000064c9d00000)]
  0x000001bc7cceb000 JavaThread "Build operations Thread 3" [_thread_blocked, id=31596, stack(0x00000064c9d00000,0x00000064c9e00000)]
  0x000001bc7cce9800 JavaThread "Build operations Thread 4" [_thread_blocked, id=9104, stack(0x00000064c9e00000,0x00000064c9f00000)]
  0x000001bc7ccf0000 JavaThread "Build operations Thread 5" [_thread_blocked, id=5548, stack(0x00000064c9f00000,0x00000064ca000000)]
  0x000001bc7e083000 JavaThread "Build operations Thread 6" [_thread_blocked, id=27924, stack(0x00000064ca000000,0x00000064ca100000)]
  0x000001bc7e07f000 JavaThread "Build operations Thread 7" [_thread_blocked, id=32856, stack(0x00000064ca100000,0x00000064ca200000)]
  0x000001bc7e082800 JavaThread "Build operations Thread 8" [_thread_blocked, id=32528, stack(0x00000064ca200000,0x00000064ca300000)]
  0x000001bc7e080000 JavaThread "Build operations Thread 9" [_thread_blocked, id=29452, stack(0x00000064ca300000,0x00000064ca400000)]
  0x000001bc7e084000 JavaThread "Build operations Thread 10" [_thread_blocked, id=31784, stack(0x00000064ca400000,0x00000064ca500000)]
  0x000001bc7e080800 JavaThread "Build operations Thread 11" [_thread_blocked, id=31876, stack(0x00000064ca500000,0x00000064ca600000)]
  0x000001bc7e086800 JavaThread "Build operations Thread 12" [_thread_blocked, id=11716, stack(0x00000064ca600000,0x00000064ca700000)]
  0x000001bc7e081800 JavaThread "jar transforms Thread 2" [_thread_blocked, id=31792, stack(0x00000064c9a00000,0x00000064c9b00000)]
  0x000001bc7e08a800 JavaThread "jar transforms Thread 3" [_thread_blocked, id=31748, stack(0x00000064ca700000,0x00000064ca800000)]
  0x000001bc7e087000 JavaThread "jar transforms Thread 4" [_thread_blocked, id=31808, stack(0x00000064ca800000,0x00000064ca900000)]
  0x000001bc7e088000 JavaThread "jar transforms Thread 5" [_thread_blocked, id=31812, stack(0x00000064caa00000,0x00000064cab00000)]
  0x000001bc7e089000 JavaThread "jar transforms Thread 6" [_thread_blocked, id=28848, stack(0x00000064cab00000,0x00000064cac00000)]
  0x000001bc7e089800 JavaThread "jar transforms Thread 7" [_thread_blocked, id=24952, stack(0x00000064cac00000,0x00000064cad00000)]
  0x000001bc7e085000 JavaThread "jar transforms Thread 8" [_thread_blocked, id=33060, stack(0x00000064cad00000,0x00000064cae00000)]
  0x000001bc7e08b800 JavaThread "jar transforms Thread 9" [_thread_blocked, id=31836, stack(0x00000064cae00000,0x00000064caf00000)]
  0x000001bc7e085800 JavaThread "jar transforms Thread 10" [_thread_blocked, id=13972, stack(0x00000064caf00000,0x00000064cb000000)]
  0x000001bc7e08c000 JavaThread "jar transforms Thread 11" [_thread_blocked, id=31056, stack(0x00000064cb000000,0x00000064cb100000)]
  0x000001bc7e08d000 JavaThread "jar transforms Thread 12" [_thread_blocked, id=18572, stack(0x00000064cb100000,0x00000064cb200000)]
  0x000001bc7e08d800 JavaThread "jar transforms Thread 13" [_thread_blocked, id=10344, stack(0x00000064cb200000,0x00000064cb300000)]
  0x000001bc7c45f000 JavaThread "jar transforms Thread 14" [_thread_blocked, id=7632, stack(0x00000064cb300000,0x00000064cb400000)]
  0x000001bc7c461000 JavaThread "jar transforms Thread 15" [_thread_blocked, id=19524, stack(0x00000064cb400000,0x00000064cb500000)]
  0x000001bc7c460000 JavaThread "jar transforms Thread 16" [_thread_blocked, id=32392, stack(0x00000064cb500000,0x00000064cb600000)]
  0x000001bc7c45e800 JavaThread "jar transforms Thread 17" [_thread_blocked, id=31696, stack(0x00000064cb600000,0x00000064cb700000)]
  0x000001bc7c461800 JavaThread "jar transforms Thread 18" [_thread_blocked, id=8504, stack(0x00000064cb700000,0x00000064cb800000)]
  0x000001bc7c462800 JavaThread "jar transforms Thread 19" [_thread_blocked, id=32416, stack(0x00000064cb800000,0x00000064cb900000)]
  0x000001bc7c45c800 JavaThread "jar transforms Thread 20" [_thread_blocked, id=22900, stack(0x00000064cb900000,0x00000064cba00000)]
  0x000001bc7c45d800 JavaThread "jar transforms Thread 21" [_thread_blocked, id=3392, stack(0x00000064cba00000,0x00000064cbb00000)]
  0x000001bc7c465800 JavaThread "jar transforms Thread 22" [_thread_blocked, id=24424, stack(0x00000064cbb00000,0x00000064cbc00000)]
  0x000001bc7c464000 JavaThread "jar transforms Thread 23" [_thread_blocked, id=14292, stack(0x00000064cbc00000,0x00000064cbd00000)]
  0x000001bc7c466800 JavaThread "jar transforms Thread 24" [_thread_blocked, id=22424, stack(0x00000064cbd00000,0x00000064cbe00000)]
  0x000001bc7c465000 JavaThread "jar transforms Thread 25" [_thread_blocked, id=32484, stack(0x00000064cbe00000,0x00000064cbf00000)]
  0x000001bc7c468000 JavaThread "jar transforms Thread 26" [_thread_blocked, id=31404, stack(0x00000064cbf00000,0x00000064cc000000)]
  0x000001bc7c467800 JavaThread "jar transforms Thread 27" [_thread_blocked, id=31196, stack(0x00000064cc000000,0x00000064cc100000)]
  0x000001bc7c469000 JavaThread "jar transforms Thread 28" [_thread_blocked, id=5900, stack(0x00000064cc100000,0x00000064cc200000)]
  0x000001bc7c463800 JavaThread "jar transforms Thread 29" [_thread_blocked, id=32048, stack(0x00000064cc200000,0x00000064cc300000)]
  0x000001bc7c46a000 JavaThread "jar transforms Thread 30" [_thread_blocked, id=31416, stack(0x00000064cc300000,0x00000064cc400000)]
  0x000001bc7c46b800 JavaThread "jar transforms Thread 31" [_thread_blocked, id=31536, stack(0x00000064cc400000,0x00000064cc500000)]
  0x000001bc7c46a800 JavaThread "jar transforms Thread 32" [_thread_blocked, id=23136, stack(0x00000064cc500000,0x00000064cc600000)]
  0x000001bc7a284800 JavaThread "jar transforms Thread 33" [_thread_blocked, id=32144, stack(0x00000064cc600000,0x00000064cc700000)]
  0x000001bc7a281000 JavaThread "jar transforms Thread 34" [_thread_blocked, id=23116, stack(0x00000064cc700000,0x00000064cc800000)]
  0x000001bc7a285000 JavaThread "jar transforms Thread 35" [_thread_blocked, id=30508, stack(0x00000064cc800000,0x00000064cc900000)]
  0x000001bc7a280000 JavaThread "jar transforms Thread 36" [_thread_blocked, id=32424, stack(0x00000064cc900000,0x00000064cca00000)]
  0x000001bc7a27f800 JavaThread "jar transforms Thread 37" [_thread_blocked, id=30968, stack(0x00000064cca00000,0x00000064ccb00000)]
  0x000001bc7a283800 JavaThread "jar transforms Thread 38" [_thread_blocked, id=25884, stack(0x00000064ccb00000,0x00000064ccc00000)]
  0x000001bc7a286000 JavaThread "jar transforms Thread 39" [_thread_blocked, id=32668, stack(0x00000064ccc00000,0x00000064ccd00000)]
  0x000001bc7a286800 JavaThread "jar transforms Thread 40" [_thread_blocked, id=32652, stack(0x00000064ccd00000,0x00000064cce00000)]
  0x000001bc7a282800 JavaThread "jar transforms Thread 41" [_thread_blocked, id=15936, stack(0x00000064cce00000,0x00000064ccf00000)]
  0x000001bc7a287800 JavaThread "jar transforms Thread 42" [_thread_blocked, id=14200, stack(0x00000064ccf00000,0x00000064cd000000)]
  0x000001bc7a282000 JavaThread "jar transforms Thread 43" [_thread_blocked, id=26240, stack(0x00000064cd000000,0x00000064cd100000)]
  0x000001bc7a28d000 JavaThread "jar transforms Thread 44" [_thread_blocked, id=11224, stack(0x00000064cd100000,0x00000064cd200000)]
  0x000001bc7a288800 JavaThread "jar transforms Thread 45" [_thread_blocked, id=32456, stack(0x00000064cd200000,0x00000064cd300000)]
  0x000001bc7a289000 JavaThread "jar transforms Thread 46" [_thread_blocked, id=32656, stack(0x00000064cd300000,0x00000064cd400000)]
  0x000001bc7a28a000 JavaThread "jar transforms Thread 47" [_thread_blocked, id=24032, stack(0x00000064cd400000,0x00000064cd500000)]
  0x000001bc7a28b800 JavaThread "jar transforms Thread 48" [_thread_blocked, id=32676, stack(0x00000064cd500000,0x00000064cd600000)]
  0x000001bc7a28c800 JavaThread "jar transforms Thread 49" [_thread_blocked, id=21896, stack(0x00000064cd600000,0x00000064cd700000)]
  0x000001bc7a28e000 JavaThread "jar transforms Thread 50" [_thread_blocked, id=32452, stack(0x00000064cd700000,0x00000064cd800000)]
  0x000001bc7a28b000 JavaThread "jar transforms Thread 51" [_thread_blocked, id=32680, stack(0x00000064cd800000,0x00000064cd900000)]
  0x000001bc79f50800 JavaThread "jar transforms Thread 52" [_thread_blocked, id=31080, stack(0x00000064cd900000,0x00000064cda00000)]
  0x000001bc79f51000 JavaThread "jar transforms Thread 53" [_thread_blocked, id=32440, stack(0x00000064cda00000,0x00000064cdb00000)]
  0x000001bc79f4e800 JavaThread "jar transforms Thread 54" [_thread_blocked, id=32868, stack(0x00000064cdb00000,0x00000064cdc00000)]
  0x000001bc79f4c000 JavaThread "jar transforms Thread 55" [_thread_blocked, id=29476, stack(0x00000064cdc00000,0x00000064cdd00000)]
  0x000001bc79f52000 JavaThread "jar transforms Thread 56" [_thread_blocked, id=25764, stack(0x00000064cdd00000,0x00000064cde00000)]
  0x000001bc79f52800 JavaThread "jar transforms Thread 57" [_thread_blocked, id=31052, stack(0x00000064cde00000,0x00000064cdf00000)]
  0x000001bc79f4f800 JavaThread "jar transforms Thread 58" [_thread_blocked, id=31368, stack(0x00000064cdf00000,0x00000064ce000000)]
  0x000001bc79f4d000 JavaThread "jar transforms Thread 59" [_thread_blocked, id=31372, stack(0x00000064ce000000,0x00000064ce100000)]
  0x000001bc79f53800 JavaThread "jar transforms Thread 60" [_thread_blocked, id=24612, stack(0x00000064ce100000,0x00000064ce200000)]
  0x000001bc79f4e000 JavaThread "jar transforms Thread 61" [_thread_blocked, id=30108, stack(0x00000064ce200000,0x00000064ce300000)]
  0x000001bc79f55000 JavaThread "jar transforms Thread 62" [_thread_blocked, id=26984, stack(0x00000064ce300000,0x00000064ce400000)]
  0x000001bc79f5a000 JavaThread "jar transforms Thread 63" [_thread_blocked, id=32824, stack(0x00000064ce400000,0x00000064ce500000)]
  0x000001bc79f59800 JavaThread "jar transforms Thread 64" [_thread_blocked, id=24712, stack(0x00000064ce500000,0x00000064ce600000)]
  0x000001bc79f56000 JavaThread "jar transforms Thread 65" [_thread_blocked, id=28960, stack(0x00000064ce600000,0x00000064ce700000)]
  0x000001bc79f58800 JavaThread "jar transforms Thread 66" [_thread_blocked, id=32872, stack(0x00000064ce700000,0x00000064ce800000)]
  0x000001bc79f54800 JavaThread "jar transforms Thread 67" [_thread_blocked, id=32880, stack(0x00000064ce800000,0x00000064ce900000)]
  0x000001bc79f57800 JavaThread "jar transforms Thread 68" [_thread_blocked, id=1616, stack(0x00000064ce900000,0x00000064cea00000)]
  0x000001bc79f57000 JavaThread "jar transforms Thread 69" [_thread_blocked, id=32876, stack(0x00000064cea00000,0x00000064ceb00000)]
  0x000001bc79f5b000 JavaThread "jar transforms Thread 70" [_thread_blocked, id=23304, stack(0x00000064ceb00000,0x00000064cec00000)]
  0x000001bc7abd7800 JavaThread "jar transforms Thread 71" [_thread_blocked, id=32700, stack(0x00000064cec00000,0x00000064ced00000)]
  0x000001bc7abd4800 JavaThread "jar transforms Thread 72" [_thread_blocked, id=32704, stack(0x00000064ced00000,0x00000064cee00000)]
  0x000001bc7abd8800 JavaThread "jar transforms Thread 73" [_thread_blocked, id=31996, stack(0x00000064cee00000,0x00000064cef00000)]
  0x000001bc7abd9800 JavaThread "jar transforms Thread 74" [_thread_blocked, id=27748, stack(0x00000064cef00000,0x00000064cf000000)]
  0x000001bc7abd3800 JavaThread "jar transforms Thread 75" [_thread_blocked, id=31916, stack(0x00000064cf000000,0x00000064cf100000)]
  0x000001bc7abd7000 JavaThread "jar transforms Thread 76" [_thread_blocked, id=31420, stack(0x00000064cf100000,0x00000064cf200000)]
  0x000001bc7abda000 JavaThread "jar transforms Thread 77" [_thread_blocked, id=31440, stack(0x00000064cf200000,0x00000064cf300000)]
  0x000001bc7abdb000 JavaThread "jar transforms Thread 78" [_thread_blocked, id=31436, stack(0x00000064cf300000,0x00000064cf400000)]
  0x000001bc7abd5800 JavaThread "jar transforms Thread 79" [_thread_blocked, id=736, stack(0x00000064cf400000,0x00000064cf500000)]
  0x000001bc7abdc000 JavaThread "jar transforms Thread 80" [_thread_blocked, id=31240, stack(0x00000064cf500000,0x00000064cf600000)]
  0x000001bc7abd6000 JavaThread "jar transforms Thread 81" [_thread_blocked, id=32040, stack(0x00000064cf600000,0x00000064cf700000)]
  0x000001bc7abdc800 JavaThread "jar transforms Thread 82" [_thread_blocked, id=30080, stack(0x00000064cf700000,0x00000064cf800000)]
  0x000001bc7abe0000 JavaThread "jar transforms Thread 83" [_thread_blocked, id=24560, stack(0x00000064cf800000,0x00000064cf900000)]
  0x000001bc7abde800 JavaThread "jar transforms Thread 84" [_thread_blocked, id=13000, stack(0x00000064cf900000,0x00000064cfa00000)]
  0x000001bc7abdf000 JavaThread "jar transforms Thread 85" [_thread_blocked, id=30976, stack(0x00000064cfa00000,0x00000064cfb00000)]
  0x000001bc7abdd800 JavaThread "jar transforms Thread 86" [_thread_blocked, id=32008, stack(0x00000064cfb00000,0x00000064cfc00000)]
  0x000001bc7abe0800 JavaThread "jar transforms Thread 87" [_thread_blocked, id=32028, stack(0x00000064cfc00000,0x00000064cfd00000)]
  0x000001bc7abe1800 JavaThread "jar transforms Thread 88" [_thread_blocked, id=22596, stack(0x00000064cfd00000,0x00000064cfe00000)]
  0x000001bc7abe2800 JavaThread "jar transforms Thread 89" [_thread_blocked, id=25972, stack(0x00000064cfe00000,0x00000064cff00000)]
  0x000001bc7c550000 JavaThread "jar transforms Thread 90" [_thread_blocked, id=32052, stack(0x00000064cff00000,0x00000064d0000000)]
  0x000001bc7c551000 JavaThread "jar transforms Thread 91" [_thread_blocked, id=24956, stack(0x00000064d0000000,0x00000064d0100000)]
  0x000001bc7c552000 JavaThread "jar transforms Thread 92" [_thread_blocked, id=23624, stack(0x00000064d0100000,0x00000064d0200000)]
  0x000001bc7c552800 JavaThread "jar transforms Thread 93" [_thread_blocked, id=20156, stack(0x00000064d0200000,0x00000064d0300000)]
  0x000001bc7c553800 JavaThread "jar transforms Thread 94" [_thread_blocked, id=32408, stack(0x00000064d0300000,0x00000064d0400000)]
  0x000001bc7c54e000 JavaThread "Cache worker for Build Output Cleanup Cache (C:\yzr\app\Simple-ARApp\.gradle\buildOutputCleanup)" [_thread_blocked, id=30676, stack(0x00000064d0500000,0x00000064d0600000)]
  0x000001bc7c554800 JavaThread "pool-1-thread-1" [_thread_blocked, id=31892, stack(0x00000064d0600000,0x00000064d0700000)]
  0x000001bc7c54f800 JavaThread "Memory manager" [_thread_blocked, id=30984, stack(0x00000064d0700000,0x00000064d0800000)]
  0x000001bc7c54e800 JavaThread "Cache worker for file content cache (C:\yzr\app\Simple-ARApp\.gradle\6.5\fileContent)" [_thread_blocked, id=22784, stack(0x00000064d0800000,0x00000064d0900000)]
  0x000001bc7c55b000 JavaThread "Execution worker for ':'" [_thread_blocked, id=31544, stack(0x00000064d0900000,0x00000064d0a00000)]
  0x000001bc7c55a000 JavaThread "Execution worker for ':' Thread 2" [_thread_in_vm, id=31332, stack(0x00000064d0a00000,0x00000064d0b00000)]
  0x000001bc7c558800 JavaThread "Execution worker for ':' Thread 3" [_thread_blocked, id=11396, stack(0x00000064d0b00000,0x00000064d0c00000)]
  0x000001bc7c557000 JavaThread "Execution worker for ':' Thread 4" [_thread_blocked, id=33472, stack(0x00000064d0c00000,0x00000064d0d00000)]
  0x000001bc7c557800 JavaThread "Execution worker for ':' Thread 5" [_thread_blocked, id=23712, stack(0x00000064d0d00000,0x00000064d0e00000)]
  0x000001bc7c559000 JavaThread "Execution worker for ':' Thread 6" [_thread_blocked, id=18564, stack(0x00000064d0e00000,0x00000064d0f00000)]
  0x000001bc7c555000 JavaThread "Execution worker for ':' Thread 7" [_thread_blocked, id=28144, stack(0x00000064d0f00000,0x00000064d1000000)]
  0x000001bc7c55b800 JavaThread "Execution worker for ':' Thread 8" [_thread_blocked, id=29160, stack(0x00000064d1000000,0x00000064d1100000)]
  0x000001bc7c55c800 JavaThread "Execution worker for ':' Thread 9" [_thread_blocked, id=33476, stack(0x00000064d1100000,0x00000064d1200000)]
  0x000001bc7eea8800 JavaThread "Execution worker for ':' Thread 10" [_thread_blocked, id=14176, stack(0x00000064d1200000,0x00000064d1300000)]
  0x000001bc7eeab800 JavaThread "Execution worker for ':' Thread 11" [_thread_blocked, id=11040, stack(0x00000064d1300000,0x00000064d1400000)]
  0x000001bc7eeab000 JavaThread "Cache worker for execution history cache (C:\yzr\app\Simple-ARApp\.gradle\6.5\executionHistory)" [_thread_blocked, id=11936, stack(0x00000064d1400000,0x00000064d1500000)]
  0x000001bc7e191000 JavaThread "C2 CompilerThread1" daemon [_thread_in_native, id=15744, stack(0x00000064ca900000,0x00000064caa00000)]
  0x000001bc7ec40000 JavaThread "C2 CompilerThread2" daemon [_thread_in_native, id=31736, stack(0x00000064d0400000,0x00000064d0500000)]
  0x000001bc7eeac800 JavaThread "WorkerExecutor Queue" [_thread_blocked, id=11620, stack(0x00000064d1500000,0x00000064d1600000)]
  0x000001bc7eea6800 JavaThread "WorkerExecutor Queue Thread 2" [_thread_blocked, id=32164, stack(0x00000064d1600000,0x00000064d1700000)]
  0x000001bc7eead800 JavaThread "WorkerExecutor Queue Thread 3" [_thread_blocked, id=14380, stack(0x00000064d1700000,0x00000064d1800000)]
  0x000001bc7eeaa000 JavaThread "WorkerExecutor Queue Thread 4" [_thread_blocked, id=14432, stack(0x00000064d1a00000,0x00000064d1b00000)]
  0x000001bc7eea7800 JavaThread "pool-2-thread-1" [_thread_blocked, id=12764, stack(0x00000064d1b00000,0x00000064d1c00000)]
  0x000001bc7eeae000 JavaThread "WorkerExecutor Queue Thread 5" [_thread_blocked, id=20920, stack(0x00000064d1c00000,0x00000064d1d00000)]
  0x000001bc7eeaf000 JavaThread "WorkerExecutor Queue Thread 6" [_thread_in_Java, id=26060, stack(0x00000064d1d00000,0x00000064d1e00000)]
  0x000001bc7eea9000 JavaThread "WorkerExecutor Queue Thread 7" [_thread_blocked, id=26652, stack(0x00000064d1e00000,0x00000064d1f00000)]
  0x000001bc7eeb2000 JavaThread "WorkerExecutor Queue Thread 8" [_thread_blocked, id=22868, stack(0x00000064d1f00000,0x00000064d2000000)]
  0x000001bc7eeb3000 JavaThread "stderr" [_thread_in_native, id=31904, stack(0x00000064d2000000,0x00000064d2100000)]
  0x000001bc7eeb1800 JavaThread "stdout" [_thread_in_native, id=31908, stack(0x00000064d2100000,0x00000064d2200000)]
  0x000001bc7eeb4800 JavaThread "stderr" [_thread_in_native, id=31324, stack(0x00000064d2200000,0x00000064d2300000)]
  0x000001bc7eeb4000 JavaThread "stdout" [_thread_in_native, id=32480, stack(0x00000064d2300000,0x00000064d2400000)]
  0x000001bc7eeb5800 JavaThread "stderr" [_thread_in_native, id=12348, stack(0x00000064d2400000,0x00000064d2500000)]
  0x000001bc7eeaf800 JavaThread "stdout" [_thread_in_native, id=32488, stack(0x00000064d2500000,0x00000064d2600000)]
  0x000001bc7eeb0800 JavaThread "stderr" [_thread_in_native, id=26140, stack(0x00000064d2600000,0x00000064d2700000)]
  0x000001bc7ed80000 JavaThread "stdout" [_thread_in_native, id=32420, stack(0x00000064d2700000,0x00000064d2800000)]
  0x000001bc7ed7c800 JavaThread "stderr" [_thread_in_native, id=32908, stack(0x00000064d2800000,0x00000064d2900000)]
  0x000001bc7ed7f000 JavaThread "stdout" [_thread_in_native, id=26316, stack(0x00000064d2900000,0x00000064d2a00000)]
  0x000001bc7ed7b800 JavaThread "stderr" [_thread_in_native, id=30752, stack(0x00000064d2a00000,0x00000064d2b00000)]
  0x000001bc7ed83000 JavaThread "stdout" [_thread_in_native, id=31176, stack(0x00000064d2b00000,0x00000064d2c00000)]
  0x000001bc7ed86800 JavaThread "WorkerExecutor Queue Thread 9" [_thread_in_vm, id=2668, stack(0x00000064d3000000,0x00000064d3100000)]
  0x000001bc7ed85800 JavaThread "WorkerExecutor Queue Thread 10" [_thread_in_vm, id=13764, stack(0x00000064d3100000,0x00000064d3200000)]
  0x00cfd3ee9bb3c950 
[error occurred during error reporting (printing all threads), id 0xc0000005, EXCEPTION_ACCESS_VIOLATION (0xc0000005) at pc=0x00007ffb8920dea9]

VM state:not at safepoint (normal execution)

VM Mutex/Monitor currently owned by a thread: None

Heap address: 0x0000000080000000, size: 2048 MB, Compressed Oops mode: 32-bit
Narrow klass base: 0x0000000000000000, Narrow klass shift: 3
Compressed class space size: 1073741824 Address: 0x0000000100000000

Heap:
 garbage-first heap   total 175104K, used 115902K [0x0000000080000000, 0x0000000100000000)
  region size 1024K, 17 young (17408K), 3 survivors (3072K)
 Metaspace       used 79442K, capacity 81739K, committed 81900K, reserved 1120256K
  class space    used 10290K, capacity 11080K, committed 11160K, reserved 1048576K
Heap Regions: E=young(eden), S=young(survivor), O=old, HS=humongous(starts), HC=humongous(continues), CS=collection set, F=free, A=archive, TAMS=top-at-mark-start (previous, next)
|   0|0x0000000080000000, 0x0000000080100000, 0x0000000080100000|100%| O|  |TAMS 0x0000000080100000, 0x0000000080000000| Untracked 
|   1|0x0000000080100000, 0x0000000080200000, 0x0000000080200000|100%| O|  |TAMS 0x0000000080200000, 0x0000000080100000| Untracked 
|   2|0x0000000080200000, 0x0000000080300000, 0x0000000080300000|100%| O|  |TAMS 0x0000000080300000, 0x0000000080200000| Untracked 
|   3|0x0000000080300000, 0x0000000080400000, 0x0000000080400000|100%|HS|  |TAMS 0x0000000080400000, 0x0000000080300000| Complete 
|   4|0x0000000080400000, 0x0000000080500000, 0x0000000080500000|100%|HC|  |TAMS 0x0000000080500000, 0x0000000080400000| Complete 
|   5|0x0000000080500000, 0x0000000080600000, 0x0000000080600000|100%|HC|  |TAMS 0x0000000080600000, 0x0000000080500000| Complete 
|   6|0x0000000080600000, 0x0000000080700000, 0x0000000080700000|100%| O|  |TAMS 0x0000000080700000, 0x0000000080600000| Untracked 
|   7|0x0000000080700000, 0x0000000080800000, 0x0000000080800000|100%| O|  |TAMS 0x0000000080800000, 0x0000000080700000| Untracked 
|   8|0x0000000080800000, 0x0000000080900000, 0x0000000080900000|100%| O|  |TAMS 0x0000000080900000, 0x0000000080800000| Untracked 
|   9|0x0000000080900000, 0x0000000080a00000, 0x0000000080a00000|100%| O|  |TAMS 0x0000000080a00000, 0x0000000080900000| Untracked 
|  10|0x0000000080a00000, 0x0000000080b00000, 0x0000000080b00000|100%| O|  |TAMS 0x0000000080b00000, 0x0000000080a00000| Untracked 
|  11|0x0000000080b00000, 0x0000000080c00000, 0x0000000080c00000|100%| O|  |TAMS 0x0000000080c00000, 0x0000000080b00000| Untracked 
|  12|0x0000000080c00000, 0x0000000080d00000, 0x0000000080d00000|100%| O|  |TAMS 0x0000000080d00000, 0x0000000080c00000| Untracked 
|  13|0x0000000080d00000, 0x0000000080e00000, 0x0000000080e00000|100%| O|  |TAMS 0x0000000080e00000, 0x0000000080d00000| Untracked 
|  14|0x0000000080e00000, 0x0000000080f00000, 0x0000000080f00000|100%| O|  |TAMS 0x0000000080f00000, 0x0000000080e00000| Untracked 
|  15|0x0000000080f00000, 0x0000000081000000, 0x0000000081000000|100%| O|  |TAMS 0x0000000081000000, 0x0000000080f00000| Untracked 
|  16|0x0000000081000000, 0x0000000081100000, 0x0000000081100000|100%| O|  |TAMS 0x0000000081100000, 0x0000000081000000| Untracked 
|  17|0x0000000081100000, 0x0000000081200000, 0x0000000081200000|100%| O|  |TAMS 0x0000000081200000, 0x0000000081100000| Untracked 
|  18|0x0000000081200000, 0x0000000081300000, 0x0000000081300000|100%| O|  |TAMS 0x0000000081300000, 0x0000000081200000| Untracked 
|  19|0x0000000081300000, 0x0000000081400000, 0x0000000081400000|100%| O|  |TAMS 0x0000000081400000, 0x0000000081300000| Untracked 
|  20|0x0000000081400000, 0x0000000081500000, 0x0000000081500000|100%| O|  |TAMS 0x0000000081500000, 0x0000000081400000| Untracked 
|  21|0x0000000081500000, 0x0000000081600000, 0x0000000081600000|100%|HS|  |TAMS 0x0000000081600000, 0x0000000081500000| Complete 
|  22|0x0000000081600000, 0x0000000081700000, 0x0000000081700000|100%|HS|  |TAMS 0x0000000081700000, 0x0000000081600000| Complete 
|  23|0x0000000081700000, 0x0000000081800000, 0x0000000081800000|100%|HC|  |TAMS 0x0000000081800000, 0x0000000081700000| Complete 
|  24|0x0000000081800000, 0x0000000081900000, 0x0000000081900000|100%| O|  |TAMS 0x0000000081900000, 0x0000000081800000| Untracked 
|  25|0x0000000081900000, 0x0000000081a00000, 0x0000000081a00000|100%| O|  |TAMS 0x0000000081a00000, 0x0000000081900000| Untracked 
|  26|0x0000000081a00000, 0x0000000081b00000, 0x0000000081b00000|100%| O|  |TAMS 0x0000000081b00000, 0x0000000081a00000| Untracked 
|  27|0x0000000081b00000, 0x0000000081c00000, 0x0000000081c00000|100%| O|  |TAMS 0x0000000081c00000, 0x0000000081b00000| Untracked 
|  28|0x0000000081c00000, 0x0000000081d00000, 0x0000000081d00000|100%| O|  |TAMS 0x0000000081d00000, 0x0000000081c00000| Untracked 
|  29|0x0000000081d00000, 0x0000000081e00000, 0x0000000081e00000|100%| O|  |TAMS 0x0000000081e00000, 0x0000000081d00000| Untracked 
|  30|0x0000000081e00000, 0x0000000081f00000, 0x0000000081f00000|100%| O|  |TAMS 0x0000000081f00000, 0x0000000081e00000| Untracked 
|  31|0x0000000081f00000, 0x0000000082000000, 0x0000000082000000|100%| O|  |TAMS 0x0000000082000000, 0x0000000081f00000| Untracked 
|  32|0x0000000082000000, 0x0000000082100000, 0x0000000082100000|100%| O|  |TAMS 0x0000000082100000, 0x0000000082000000| Untracked 
|  33|0x0000000082100000, 0x0000000082200000, 0x0000000082200000|100%| O|  |TAMS 0x0000000082200000, 0x0000000082100000| Untracked 
|  34|0x0000000082200000, 0x0000000082300000, 0x0000000082300000|100%| O|  |TAMS 0x0000000082300000, 0x0000000082200000| Untracked 
|  35|0x0000000082300000, 0x0000000082400000, 0x0000000082400000|100%| O|  |TAMS 0x0000000082400000, 0x0000000082300000| Untracked 
|  36|0x0000000082400000, 0x0000000082500000, 0x0000000082500000|100%| O|  |TAMS 0x0000000082500000, 0x0000000082400000| Untracked 
|  37|0x0000000082500000, 0x0000000082600000, 0x0000000082600000|100%| O|  |TAMS 0x0000000082600000, 0x0000000082500000| Untracked 
|  38|0x0000000082600000, 0x0000000082700000, 0x0000000082700000|100%| O|  |TAMS 0x0000000082700000, 0x0000000082600000| Untracked 
|  39|0x0000000082700000, 0x0000000082800000, 0x0000000082800000|100%| O|  |TAMS 0x0000000082800000, 0x0000000082700000| Untracked 
|  40|0x0000000082800000, 0x0000000082900000, 0x0000000082900000|100%| O|  |TAMS 0x0000000082900000, 0x0000000082800000| Untracked 
|  41|0x0000000082900000, 0x0000000082a00000, 0x0000000082a00000|100%| O|  |TAMS 0x0000000082a00000, 0x0000000082900000| Untracked 
|  42|0x0000000082a00000, 0x0000000082b00000, 0x0000000082b00000|100%| O|  |TAMS 0x0000000082b00000, 0x0000000082a00000| Untracked 
|  43|0x0000000082b00000, 0x0000000082c00000, 0x0000000082c00000|100%| O|  |TAMS 0x0000000082c00000, 0x0000000082b00000| Untracked 
|  44|0x0000000082c00000, 0x0000000082d00000, 0x0000000082d00000|100%| O|  |TAMS 0x0000000082d00000, 0x0000000082c00000| Untracked 
|  45|0x0000000082d00000, 0x0000000082e00000, 0x0000000082e00000|100%| O|  |TAMS 0x0000000082e00000, 0x0000000082d00000| Untracked 
|  46|0x0000000082e00000, 0x0000000082f00000, 0x0000000082f00000|100%| O|  |TAMS 0x0000000082f00000, 0x0000000082e00000| Untracked 
|  47|0x0000000082f00000, 0x0000000083000000, 0x0000000083000000|100%| O|  |TAMS 0x0000000083000000, 0x0000000082f00000| Untracked 
|  48|0x0000000083000000, 0x0000000083100000, 0x0000000083100000|100%| O|  |TAMS 0x0000000083100000, 0x0000000083000000| Untracked 
|  49|0x0000000083100000, 0x0000000083200000, 0x0000000083200000|100%| O|  |TAMS 0x0000000083200000, 0x0000000083100000| Untracked 
|  50|0x0000000083200000, 0x0000000083300000, 0x0000000083300000|100%| O|  |TAMS 0x0000000083300000, 0x0000000083200000| Untracked 
|  51|0x0000000083300000, 0x0000000083400000, 0x0000000083400000|100%| O|  |TAMS 0x0000000083400000, 0x0000000083300000| Untracked 
|  52|0x0000000083400000, 0x0000000083500000, 0x0000000083500000|100%| O|  |TAMS 0x0000000083500000, 0x0000000083400000| Untracked 
|  53|0x0000000083500000, 0x0000000083600000, 0x0000000083600000|100%| O|  |TAMS 0x0000000083600000, 0x0000000083500000| Untracked 
|  54|0x0000000083600000, 0x0000000083700000, 0x0000000083700000|100%| O|  |TAMS 0x0000000083700000, 0x0000000083600000| Untracked 
|  55|0x0000000083700000, 0x0000000083800000, 0x0000000083800000|100%| O|  |TAMS 0x0000000083800000, 0x0000000083700000| Untracked 
|  56|0x0000000083800000, 0x0000000083900000, 0x0000000083900000|100%| O|  |TAMS 0x0000000083900000, 0x0000000083800000| Untracked 
|  57|0x0000000083900000, 0x0000000083a00000, 0x0000000083a00000|100%| O|  |TAMS 0x0000000083a00000, 0x0000000083900000| Untracked 
|  58|0x0000000083a00000, 0x0000000083b00000, 0x0000000083b00000|100%| O|  |TAMS 0x0000000083b00000, 0x0000000083a00000| Untracked 
|  59|0x0000000083b00000, 0x0000000083c00000, 0x0000000083c00000|100%| O|  |TAMS 0x0000000083c00000, 0x0000000083b00000| Untracked 
|  60|0x0000000083c00000, 0x0000000083d00000, 0x0000000083d00000|100%| O|  |TAMS 0x0000000083d00000, 0x0000000083c00000| Untracked 
|  61|0x0000000083d00000, 0x0000000083e00000, 0x0000000083e00000|100%| O|  |TAMS 0x0000000083e00000, 0x0000000083d00000| Untracked 
|  62|0x0000000083e00000, 0x0000000083f00000, 0x0000000083f00000|100%| O|  |TAMS 0x0000000083f00000, 0x0000000083e00000| Untracked 
|  63|0x0000000083f00000, 0x0000000084000000, 0x0000000084000000|100%| O|  |TAMS 0x0000000084000000, 0x0000000083f00000| Untracked 
|  64|0x0000000084000000, 0x0000000084100000, 0x0000000084100000|100%| O|  |TAMS 0x0000000084100000, 0x0000000084000000| Untracked 
|  65|0x0000000084100000, 0x0000000084200000, 0x0000000084200000|100%| O|  |TAMS 0x0000000084200000, 0x0000000084100000| Untracked 
|  66|0x0000000084200000, 0x0000000084300000, 0x0000000084300000|100%| O|  |TAMS 0x0000000084300000, 0x0000000084200000| Untracked 
|  67|0x0000000084300000, 0x0000000084400000, 0x0000000084400000|100%| O|  |TAMS 0x0000000084400000, 0x0000000084300000| Untracked 
|  68|0x0000000084400000, 0x0000000084500000, 0x0000000084500000|100%| O|  |TAMS 0x0000000084500000, 0x0000000084400000| Untracked 
|  69|0x0000000084500000, 0x0000000084600000, 0x0000000084600000|100%| O|  |TAMS 0x0000000084600000, 0x0000000084500000| Untracked 
|  70|0x0000000084600000, 0x0000000084700000, 0x0000000084700000|100%| O|  |TAMS 0x0000000084700000, 0x0000000084600000| Untracked 
|  71|0x0000000084700000, 0x0000000084800000, 0x0000000084800000|100%| O|  |TAMS 0x0000000084800000, 0x0000000084700000| Untracked 
|  72|0x0000000084800000, 0x0000000084900000, 0x0000000084900000|100%| O|  |TAMS 0x0000000084900000, 0x0000000084800000| Untracked 
|  73|0x0000000084900000, 0x0000000084a00000, 0x0000000084a00000|100%| O|  |TAMS 0x0000000084a00000, 0x0000000084900000| Untracked 
|  74|0x0000000084a00000, 0x0000000084b00000, 0x0000000084b00000|100%| O|  |TAMS 0x0000000084b00000, 0x0000000084a00000| Untracked 
|  75|0x0000000084b00000, 0x0000000084c00000, 0x0000000084c00000|100%| O|  |TAMS 0x0000000084c00000, 0x0000000084b00000| Untracked 
|  76|0x0000000084c00000, 0x0000000084d00000, 0x0000000084d00000|100%| O|  |TAMS 0x0000000084d00000, 0x0000000084c00000| Untracked 
|  77|0x0000000084d00000, 0x0000000084e00000, 0x0000000084e00000|100%| O|  |TAMS 0x0000000084e00000, 0x0000000084d00000| Untracked 
|  78|0x0000000084e00000, 0x0000000084f00000, 0x0000000084f00000|100%| O|  |TAMS 0x0000000084f00000, 0x0000000084e00000| Untracked 
|  79|0x0000000084f00000, 0x0000000085000000, 0x0000000085000000|100%| O|  |TAMS 0x0000000085000000, 0x0000000084f00000| Untracked 
|  80|0x0000000085000000, 0x0000000085100000, 0x0000000085100000|100%| O|  |TAMS 0x0000000085100000, 0x0000000085000000| Untracked 
|  81|0x0000000085100000, 0x0000000085200000, 0x0000000085200000|100%| O|  |TAMS 0x0000000085200000, 0x0000000085100000| Untracked 
|  82|0x0000000085200000, 0x0000000085300000, 0x0000000085300000|100%| O|  |TAMS 0x0000000085300000, 0x0000000085200000| Untracked 
|  83|0x0000000085300000, 0x0000000085400000, 0x0000000085400000|100%| O|  |TAMS 0x0000000085400000, 0x0000000085300000| Untracked 
|  84|0x0000000085400000, 0x0000000085500000, 0x0000000085500000|100%| O|  |TAMS 0x0000000085500000, 0x0000000085400000| Untracked 
|  85|0x0000000085500000, 0x0000000085600000, 0x0000000085600000|100%| O|  |TAMS 0x0000000085600000, 0x0000000085500000| Untracked 
|  86|0x0000000085600000, 0x0000000085700000, 0x0000000085700000|100%| O|  |TAMS 0x0000000085700000, 0x0000000085600000| Untracked 
|  87|0x0000000085700000, 0x0000000085800000, 0x0000000085800000|100%| O|  |TAMS 0x0000000085800000, 0x0000000085700000| Untracked 
|  88|0x0000000085800000, 0x0000000085900000, 0x0000000085900000|100%| O|  |TAMS 0x0000000085900000, 0x0000000085800000| Untracked 
|  89|0x0000000085900000, 0x0000000085a00000, 0x0000000085a00000|100%| O|  |TAMS 0x0000000085a00000, 0x0000000085900000| Untracked 
|  90|0x0000000085a00000, 0x0000000085b00000, 0x0000000085b00000|100%| O|  |TAMS 0x0000000085b00000, 0x0000000085a00000| Untracked 
|  91|0x0000000085b00000, 0x0000000085c00000, 0x0000000085c00000|100%| O|  |TAMS 0x0000000085c00000, 0x0000000085b00000| Untracked 
|  92|0x0000000085c00000, 0x0000000085d00000, 0x0000000085d00000|100%| O|  |TAMS 0x0000000085d00000, 0x0000000085c00000| Untracked 
|  93|0x0000000085d00000, 0x0000000085e00000, 0x0000000085e00000|100%| O|  |TAMS 0x0000000085e00000, 0x0000000085d00000| Untracked 
|  94|0x0000000085e00000, 0x0000000085f00000, 0x0000000085f00000|100%| O|  |TAMS 0x0000000085f00000, 0x0000000085e00000| Untracked 
|  95|0x0000000085f00000, 0x0000000086000000, 0x0000000086000000|100%| O|  |TAMS 0x0000000086000000, 0x0000000085f00000| Untracked 
|  96|0x0000000086000000, 0x0000000086074c00, 0x0000000086100000| 45%| O|  |TAMS 0x0000000086074c00, 0x0000000086000000| Untracked 
|  97|0x0000000086100000, 0x0000000086100000, 0x0000000086200000|  0%| F|  |TAMS 0x0000000086100000, 0x0000000086100000| Untracked 
|  98|0x0000000086200000, 0x0000000086200000, 0x0000000086300000|  0%| F|  |TAMS 0x0000000086200000, 0x0000000086200000| Untracked 
|  99|0x0000000086300000, 0x0000000086400000, 0x0000000086400000|100%| O|  |TAMS 0x0000000086400000, 0x0000000086300000| Untracked 
| 100|0x0000000086400000, 0x0000000086400000, 0x0000000086500000|  0%| F|  |TAMS 0x0000000086400000, 0x0000000086400000| Untracked 
| 101|0x0000000086500000, 0x0000000086500000, 0x0000000086600000|  0%| F|  |TAMS 0x0000000086500000, 0x0000000086500000| Untracked 
| 102|0x0000000086600000, 0x0000000086600000, 0x0000000086700000|  0%| F|  |TAMS 0x0000000086600000, 0x0000000086600000| Untracked 
| 103|0x0000000086700000, 0x0000000086700000, 0x0000000086800000|  0%| F|  |TAMS 0x0000000086700000, 0x0000000086700000| Untracked 
| 104|0x0000000086800000, 0x0000000086800000, 0x0000000086900000|  0%| F|  |TAMS 0x0000000086800000, 0x0000000086800000| Untracked 
| 105|0x0000000086900000, 0x0000000086900000, 0x0000000086a00000|  0%| F|  |TAMS 0x0000000086900000, 0x0000000086900000| Untracked 
| 106|0x0000000086a00000, 0x0000000086a00000, 0x0000000086b00000|  0%| F|  |TAMS 0x0000000086a00000, 0x0000000086a00000| Untracked 
| 107|0x0000000086b00000, 0x0000000086b00000, 0x0000000086c00000|  0%| F|  |TAMS 0x0000000086b00000, 0x0000000086b00000| Untracked 
| 108|0x0000000086c00000, 0x0000000086c00000, 0x0000000086d00000|  0%| F|  |TAMS 0x0000000086c00000, 0x0000000086c00000| Untracked 
| 109|0x0000000086d00000, 0x0000000086d00000, 0x0000000086e00000|  0%| F|  |TAMS 0x0000000086d00000, 0x0000000086d00000| Untracked 
| 110|0x0000000086e00000, 0x0000000086e00000, 0x0000000086f00000|  0%| F|  |TAMS 0x0000000086e00000, 0x0000000086e00000| Untracked 
| 111|0x0000000086f00000, 0x0000000086f00000, 0x0000000087000000|  0%| F|  |TAMS 0x0000000086f00000, 0x0000000086f00000| Untracked 
| 112|0x0000000087000000, 0x0000000087000000, 0x0000000087100000|  0%| F|  |TAMS 0x0000000087000000, 0x0000000087000000| Untracked 
| 113|0x0000000087100000, 0x0000000087100000, 0x0000000087200000|  0%| F|  |TAMS 0x0000000087100000, 0x0000000087100000| Untracked 
| 114|0x0000000087200000, 0x0000000087200000, 0x0000000087300000|  0%| F|  |TAMS 0x0000000087200000, 0x0000000087200000| Untracked 
| 115|0x0000000087300000, 0x0000000087300000, 0x0000000087400000|  0%| F|  |TAMS 0x0000000087300000, 0x0000000087300000| Untracked 
| 116|0x0000000087400000, 0x0000000087400000, 0x0000000087500000|  0%| F|  |TAMS 0x0000000087400000, 0x0000000087400000| Untracked 
| 117|0x0000000087500000, 0x0000000087500000, 0x0000000087600000|  0%| F|  |TAMS 0x0000000087500000, 0x0000000087500000| Untracked 
| 118|0x0000000087600000, 0x0000000087600000, 0x0000000087700000|  0%| F|  |TAMS 0x0000000087600000, 0x0000000087600000| Untracked 
| 119|0x0000000087700000, 0x00000000877badd0, 0x0000000087800000| 72%| S|CS|TAMS 0x0000000087700000, 0x0000000087700000| Complete 
| 120|0x0000000087800000, 0x0000000087900000, 0x0000000087900000|100%| S|CS|TAMS 0x0000000087800000, 0x0000000087800000| Complete 
| 121|0x0000000087900000, 0x0000000087a00000, 0x0000000087a00000|100%| S|CS|TAMS 0x0000000087900000, 0x0000000087900000| Complete 
| 122|0x0000000087a00000, 0x0000000087a00000, 0x0000000087b00000|  0%| F|  |TAMS 0x0000000087a00000, 0x0000000087a00000| Untracked 
| 123|0x0000000087b00000, 0x0000000087b00000, 0x0000000087c00000|  0%| F|  |TAMS 0x0000000087b00000, 0x0000000087b00000| Untracked 
| 124|0x0000000087c00000, 0x0000000087c00000, 0x0000000087d00000|  0%| F|  |TAMS 0x0000000087c00000, 0x0000000087c00000| Untracked 
| 125|0x0000000087d00000, 0x0000000087d00000, 0x0000000087e00000|  0%| F|  |TAMS 0x0000000087d00000, 0x0000000087d00000| Untracked 
| 126|0x0000000087e00000, 0x0000000087e00000, 0x0000000087f00000|  0%| F|  |TAMS 0x0000000087e00000, 0x0000000087e00000| Untracked 
| 127|0x0000000087f00000, 0x0000000087f00000, 0x0000000088000000|  0%| F|  |TAMS 0x0000000087f00000, 0x0000000087f00000| Untracked 
| 128|0x0000000088000000, 0x0000000088000000, 0x0000000088100000|  0%| F|  |TAMS 0x0000000088000000, 0x0000000088000000| Untracked 
| 129|0x0000000088100000, 0x0000000088100000, 0x0000000088200000|  0%| F|  |TAMS 0x0000000088100000, 0x0000000088100000| Untracked 
| 130|0x0000000088200000, 0x0000000088200000, 0x0000000088300000|  0%| F|  |TAMS 0x0000000088200000, 0x0000000088200000| Untracked 
| 131|0x0000000088300000, 0x0000000088300000, 0x0000000088400000|  0%| F|  |TAMS 0x0000000088300000, 0x0000000088300000| Untracked 
| 132|0x0000000088400000, 0x0000000088400000, 0x0000000088500000|  0%| F|  |TAMS 0x0000000088400000, 0x0000000088400000| Untracked 
| 133|0x0000000088500000, 0x0000000088500000, 0x0000000088600000|  0%| F|  |TAMS 0x0000000088500000, 0x0000000088500000| Untracked 
| 134|0x0000000088600000, 0x0000000088600000, 0x0000000088700000|  0%| F|  |TAMS 0x0000000088600000, 0x0000000088600000| Untracked 
| 135|0x0000000088700000, 0x0000000088700000, 0x0000000088800000|  0%| F|  |TAMS 0x0000000088700000, 0x0000000088700000| Untracked 
| 136|0x0000000088800000, 0x0000000088800000, 0x0000000088900000|  0%| F|  |TAMS 0x0000000088800000, 0x0000000088800000| Untracked 
| 137|0x0000000088900000, 0x0000000088900000, 0x0000000088a00000|  0%| F|  |TAMS 0x0000000088900000, 0x0000000088900000| Untracked 
| 138|0x0000000088a00000, 0x0000000088a00000, 0x0000000088b00000|  0%| F|  |TAMS 0x0000000088a00000, 0x0000000088a00000| Untracked 
| 139|0x0000000088b00000, 0x0000000088b00000, 0x0000000088c00000|  0%| F|  |TAMS 0x0000000088b00000, 0x0000000088b00000| Untracked 
| 140|0x0000000088c00000, 0x0000000088c00000, 0x0000000088d00000|  0%| F|  |TAMS 0x0000000088c00000, 0x0000000088c00000| Untracked 
| 141|0x0000000088d00000, 0x0000000088d00000, 0x0000000088e00000|  0%| F|  |TAMS 0x0000000088d00000, 0x0000000088d00000| Untracked 
| 142|0x0000000088e00000, 0x0000000088e00000, 0x0000000088f00000|  0%| F|  |TAMS 0x0000000088e00000, 0x0000000088e00000| Untracked 
| 143|0x0000000088f00000, 0x0000000088f00000, 0x0000000089000000|  0%| F|  |TAMS 0x0000000088f00000, 0x0000000088f00000| Untracked 
| 144|0x0000000089000000, 0x0000000089000000, 0x0000000089100000|  0%| F|  |TAMS 0x0000000089000000, 0x0000000089000000| Untracked 
| 145|0x0000000089100000, 0x0000000089100000, 0x0000000089200000|  0%| F|  |TAMS 0x0000000089100000, 0x0000000089100000| Untracked 
| 146|0x0000000089200000, 0x0000000089200000, 0x0000000089300000|  0%| F|  |TAMS 0x0000000089200000, 0x0000000089200000| Untracked 
| 147|0x0000000089300000, 0x0000000089300000, 0x0000000089400000|  0%| F|  |TAMS 0x0000000089300000, 0x0000000089300000| Untracked 
| 148|0x0000000089400000, 0x0000000089400000, 0x0000000089500000|  0%| F|  |TAMS 0x0000000089400000, 0x0000000089400000| Untracked 
| 149|0x0000000089500000, 0x0000000089500000, 0x0000000089600000|  0%| F|  |TAMS 0x0000000089500000, 0x0000000089500000| Untracked 
| 150|0x0000000089600000, 0x0000000089600000, 0x0000000089700000|  0%| F|  |TAMS 0x0000000089600000, 0x0000000089600000| Untracked 
| 151|0x0000000089700000, 0x0000000089700000, 0x0000000089800000|  0%| F|  |TAMS 0x0000000089700000, 0x0000000089700000| Untracked 
| 152|0x0000000089800000, 0x0000000089800000, 0x0000000089900000|  0%| F|  |TAMS 0x0000000089800000, 0x0000000089800000| Untracked 
| 153|0x0000000089900000, 0x0000000089900000, 0x0000000089a00000|  0%| F|  |TAMS 0x0000000089900000, 0x0000000089900000| Untracked 
| 154|0x0000000089a00000, 0x0000000089a00000, 0x0000000089b00000|  0%| F|  |TAMS 0x0000000089a00000, 0x0000000089a00000| Untracked 
| 155|0x0000000089b00000, 0x0000000089b00000, 0x0000000089c00000|  0%| F|  |TAMS 0x0000000089b00000, 0x0000000089b00000| Untracked 
| 156|0x0000000089c00000, 0x0000000089c26d78, 0x0000000089d00000| 15%| E|  |TAMS 0x0000000089c00000, 0x0000000089c00000| Complete 
| 157|0x0000000089d00000, 0x0000000089e00000, 0x0000000089e00000|100%| E|CS|TAMS 0x0000000089d00000, 0x0000000089d00000| Complete 
| 158|0x0000000089e00000, 0x0000000089f00000, 0x0000000089f00000|100%| E|CS|TAMS 0x0000000089e00000, 0x0000000089e00000| Complete 
| 159|0x0000000089f00000, 0x000000008a000000, 0x000000008a000000|100%| E|CS|TAMS 0x0000000089f00000, 0x0000000089f00000| Complete 
| 160|0x000000008a000000, 0x000000008a100000, 0x000000008a100000|100%| E|CS|TAMS 0x000000008a000000, 0x000000008a000000| Complete 
| 161|0x000000008a100000, 0x000000008a200000, 0x000000008a200000|100%| E|CS|TAMS 0x000000008a100000, 0x000000008a100000| Complete 
| 162|0x000000008a200000, 0x000000008a300000, 0x000000008a300000|100%| E|CS|TAMS 0x000000008a200000, 0x000000008a200000| Complete 
| 163|0x000000008a300000, 0x000000008a400000, 0x000000008a400000|100%| E|CS|TAMS 0x000000008a300000, 0x000000008a300000| Complete 
| 164|0x000000008a400000, 0x000000008a500000, 0x000000008a500000|100%| E|CS|TAMS 0x000000008a400000, 0x000000008a400000| Complete 
| 165|0x000000008a500000, 0x000000008a600000, 0x000000008a600000|100%| E|CS|TAMS 0x000000008a500000, 0x000000008a500000| Complete 
| 166|0x000000008a600000, 0x000000008a700000, 0x000000008a700000|100%| E|CS|TAMS 0x000000008a600000, 0x000000008a600000| Complete 
| 167|0x000000008a700000, 0x000000008a800000, 0x000000008a800000|100%| E|CS|TAMS 0x000000008a700000, 0x000000008a700000| Complete 
| 168|0x000000008a800000, 0x000000008a900000, 0x000000008a900000|100%| E|CS|TAMS 0x000000008a800000, 0x000000008a800000| Complete 
| 169|0x000000008a900000, 0x000000008aa00000, 0x000000008aa00000|100%| E|CS|TAMS 0x000000008a900000, 0x000000008a900000| Complete 
| 170|0x000000008aa00000, 0x000000008ab00000, 0x000000008ab00000|100%| E|CS|TAMS 0x000000008aa00000, 0x000000008aa00000| Complete 

Card table byte_map: [0x000001bc72100000,0x000001bc72500000] _byte_map_base: 0x000001bc71d00000

Marking Bits (Prev, Next): (CMBitMap*) 0x000001bc6dcdd868, (CMBitMap*) 0x000001bc6dcdd8a0
 Prev Bits: [0x000001bc72900000, 0x000001bc74900000)
 Next Bits: [0x000001bc74900000, 0x000001bc76900000)

Polling page: 0x000001bc6d480000

Metaspace:

Usage:
  Non-class:     69.00 MB capacity,    67.56 MB ( 98%) used,     1.24 MB (  2%) free+waste,   206.44 KB ( <1%) overhead. 
      Class:     10.82 MB capacity,    10.06 MB ( 93%) used,   687.15 KB (  6%) free+waste,    96.38 KB ( <1%) overhead. 
       Both:     79.82 MB capacity,    77.62 MB ( 97%) used,     1.91 MB (  2%) free+waste,   302.81 KB ( <1%) overhead. 

Virtual space:
  Non-class space:       70.00 MB reserved,      69.08 MB ( 99%) committed 
      Class space:        1.00 GB reserved,      10.90 MB (  1%) committed 
             Both:        1.07 GB reserved,      79.98 MB (  7%) committed 

Chunk freelists:
   Non-Class:  17.00 KB
       Class:  24.00 KB
        Both:  41.00 KB

MaxMetaspaceSize: 17179869184.00 GB
CompressedClassSpaceSize: 1.00 GB

CodeHeap 'non-profiled nmethods': size=120000Kb used=6801Kb max_used=6801Kb free=113199Kb
 bounds [0x000001bc07ad0000, 0x000001bc08180000, 0x000001bc0f000000]
CodeHeap 'profiled nmethods': size=120000Kb used=22820Kb max_used=22820Kb free=97179Kb
 bounds [0x000001bc005a0000, 0x000001bc01bf0000, 0x000001bc07ad0000]
CodeHeap 'non-nmethods': size=5760Kb used=2257Kb max_used=2325Kb free=3502Kb
 bounds [0x000001bc00000000, 0x000001bc00270000, 0x000001bc005a0000]
 total_blobs=11188 nmethods=10341 adapters=758
 compilation: enabled
              stopped_count=0, restarted_count=0
 full_count=0

Compilation events (20 events):
Event: 11.763 Thread 0x000001bc7958c000 10417       2       com.google.common.collect.ImmutableList::iterator (5 bytes)
Event: 11.763 Thread 0x000001bc7958c000 nmethod 10417 0x000001bc01bd8e90 code [0x000001bc01bd9040, 0x000001bc01bd9168]
Event: 11.765 Thread 0x000001bc7958c000 10418       2       org.gradle.internal.execution.steps.ResolveCachingStateStep$1::getAfterPreviousExecutionState (10 bytes)
Event: 11.765 Thread 0x000001bc7958c000 nmethod 10418 0x000001bc01bd9210 code [0x000001bc01bd93c0, 0x000001bc01bd94e8]
Event: 11.769 Thread 0x000001bc7958c000 10419       2       com.google.common.collect.ImmutableList::asImmutableList (60 bytes)
Event: 11.770 Thread 0x000001bc7958c000 nmethod 10419 0x000001bc01bd9590 code [0x000001bc01bd9780, 0x000001bc01bd9b38]
Event: 11.772 Thread 0x000001bc7958c000 10420       1       org.gradle.internal.work.DefaultWorkerLeaseService::access$500 (5 bytes)
Event: 11.772 Thread 0x000001bc7958c000 nmethod 10420 0x000001bc08173610 code [0x000001bc081737c0, 0x000001bc08173858]
Event: 11.773 Thread 0x000001bc7958c000 10421       2       org.gradle.api.internal.tasks.properties.bean.AbstractNestedRuntimeBeanNode$BeanPropertyValue::getUnprocessedValue (10 bytes)
Event: 11.773 Thread 0x000001bc7958c000 nmethod 10421 0x000001bc01bd9d10 code [0x000001bc01bd9ec0, 0x000001bc01bd9fe8]
Event: 11.773 Thread 0x000001bc7958c000 10422       2       org.gradle.api.internal.tasks.properties.DefaultValidatingProperty::<init> (10 bytes)
Event: 11.773 Thread 0x000001bc7958c000 nmethod 10422 0x000001bc01bda090 code [0x000001bc01bda240, 0x000001bc01bda458]
Event: 11.781 Thread 0x000001bc7958c000 10423       2       org.gradle.api.internal.provider.AbstractProperty$NonFinalizedValue::forUpstream (13 bytes)
Event: 11.781 Thread 0x000001bc7958c000 nmethod 10423 0x000001bc01bda510 code [0x000001bc01bda6c0, 0x000001bc01bda7d8]
Event: 11.782 Thread 0x000001bc7958c000 10424       1       org.gradle.api.internal.tasks.properties.DefaultInputPropertySpec::getValue (5 bytes)
Event: 11.782 Thread 0x000001bc7958c000 nmethod 10424 0x000001bc08173910 code [0x000001bc08173ac0, 0x000001bc08173b78]
Event: 11.782 Thread 0x000001bc7958c000 10425       2       org.gradle.internal.snapshot.impl.AbstractScalarValueSnapshot::snapshot (33 bytes)
Event: 11.782 Thread 0x000001bc7958c000 nmethod 10425 0x000001bc01bda890 code [0x000001bc01bdaa80, 0x000001bc01bdace8]
Event: 11.782 Thread 0x000001bc7958c000 10426       2       java.util.TimSort::binarySort (223 bytes)
Event: 11.783 Thread 0x000001bc7958c000 nmethod 10426 0x000001bc01bdae90 code [0x000001bc01bdb0a0, 0x000001bc01bdb6f8]

GC Heap History (20 events):
Event: 9.601 GC heap before
{Heap before GC invocations=17 (full 0):
 garbage-first heap   total 145408K, used 112010K [0x0000000080000000, 0x0000000100000000)
  region size 1024K, 56 young (57344K), 4 survivors (4096K)
 Metaspace       used 74996K, capacity 77067K, committed 77292K, reserved 1116160K
  class space    used 9877K, capacity 10580K, committed 10648K, reserved 1048576K
}
Event: 9.606 GC heap after
{Heap after GC invocations=18 (full 0):
 garbage-first heap   total 145408K, used 66013K [0x0000000080000000, 0x0000000100000000)
  region size 1024K, 7 young (7168K), 7 survivors (7168K)
 Metaspace       used 74996K, capacity 77067K, committed 77292K, reserved 1116160K
  class space    used 9877K, capacity 10580K, committed 10648K, reserved 1048576K
}
Event: 10.035 GC heap before
{Heap before GC invocations=18 (full 0):
 garbage-first heap   total 145408K, used 113117K [0x0000000080000000, 0x0000000100000000)
  region size 1024K, 53 young (54272K), 7 survivors (7168K)
 Metaspace       used 76962K, capacity 79181K, committed 79340K, reserved 1118208K
  class space    used 10112K, capacity 10860K, committed 10904K, reserved 1048576K
}
Event: 10.042 GC heap after
{Heap after GC invocations=19 (full 0):
 garbage-first heap   total 145408K, used 71189K [0x0000000080000000, 0x0000000100000000)
  region size 1024K, 5 young (5120K), 5 survivors (5120K)
 Metaspace       used 76962K, capacity 79181K, committed 79340K, reserved 1118208K
  class space    used 10112K, capacity 10860K, committed 10904K, reserved 1048576K
}
Event: 10.392 GC heap before
{Heap before GC invocations=19 (full 0):
 garbage-first heap   total 145408K, used 114197K [0x0000000080000000, 0x0000000100000000)
  region size 1024K, 48 young (49152K), 5 survivors (5120K)
 Metaspace       used 77635K, capacity 79772K, committed 79980K, reserved 1118208K
  class space    used 10131K, capacity 10897K, committed 11032K, reserved 1048576K
}
Event: 10.399 GC heap after
{Heap after GC invocations=20 (full 0):
 garbage-first heap   total 145408K, used 74071K [0x0000000080000000, 0x0000000100000000)
  region size 1024K, 4 young (4096K), 4 survivors (4096K)
 Metaspace       used 77635K, capacity 79772K, committed 79980K, reserved 1118208K
  class space    used 10131K, capacity 10897K, committed 11032K, reserved 1048576K
}
Event: 10.691 GC heap before
{Heap before GC invocations=21 (full 0):
 garbage-first heap   total 145408K, used 116055K [0x0000000080000000, 0x0000000100000000)
  region size 1024K, 45 young (46080K), 4 survivors (4096K)
 Metaspace       used 77843K, capacity 79972K, committed 80236K, reserved 1118208K
  class space    used 10137K, capacity 10877K, committed 11032K, reserved 1048576K
}
Event: 10.695 GC heap after
{Heap after GC invocations=22 (full 0):
 garbage-first heap   total 145408K, used 77405K [0x0000000080000000, 0x0000000100000000)
  region size 1024K, 6 young (6144K), 6 survivors (6144K)
 Metaspace       used 77843K, capacity 79972K, committed 80236K, reserved 1118208K
  class space    used 10137K, capacity 10877K, committed 11032K, reserved 1048576K
}
Event: 10.894 GC heap before
{Heap before GC invocations=22 (full 0):
 garbage-first heap   total 145408K, used 117341K [0x0000000080000000, 0x0000000100000000)
  region size 1024K, 46 young (47104K), 6 survivors (6144K)
 Metaspace       used 77957K, capacity 80100K, committed 80492K, reserved 1118208K
  class space    used 10137K, capacity 10877K, committed 11032K, reserved 1048576K
}
Event: 10.913 GC heap after
{Heap after GC invocations=23 (full 0):
 garbage-first heap   total 145408K, used 89633K [0x0000000080000000, 0x0000000100000000)
  region size 1024K, 6 young (6144K), 6 survivors (6144K)
 Metaspace       used 77957K, capacity 80100K, committed 80492K, reserved 1118208K
  class space    used 10137K, capacity 10877K, committed 11032K, reserved 1048576K
}
Event: 11.058 GC heap before
{Heap before GC invocations=24 (full 0):
 garbage-first heap   total 145408K, used 117281K [0x0000000080000000, 0x0000000100000000)
  region size 1024K, 33 young (33792K), 6 survivors (6144K)
 Metaspace       used 77918K, capacity 80036K, committed 80492K, reserved 1118208K
  class space    used 10126K, capacity 10856K, committed 11032K, reserved 1048576K
}
Event: 11.063 GC heap after
{Heap after GC invocations=25 (full 0):
 garbage-first heap   total 145408K, used 95437K [0x0000000080000000, 0x0000000100000000)
  region size 1024K, 5 young (5120K), 5 survivors (5120K)
 Metaspace       used 77918K, capacity 80036K, committed 80492K, reserved 1118208K
  class space    used 10126K, capacity 10856K, committed 11032K, reserved 1048576K
}
Event: 11.164 GC heap before
{Heap before GC invocations=25 (full 0):
 garbage-first heap   total 145408K, used 107725K [0x0000000080000000, 0x0000000100000000)
  region size 1024K, 18 young (18432K), 5 survivors (5120K)
 Metaspace       used 78068K, capacity 80171K, committed 80492K, reserved 1118208K
  class space    used 10132K, capacity 10858K, committed 11032K, reserved 1048576K
}
Event: 11.169 GC heap after
{Heap after GC invocations=26 (full 0):
 garbage-first heap   total 145408K, used 97517K [0x0000000080000000, 0x0000000100000000)
  region size 1024K, 2 young (2048K), 2 survivors (2048K)
 Metaspace       used 78068K, capacity 80171K, committed 80492K, reserved 1118208K
  class space    used 10132K, capacity 10858K, committed 11032K, reserved 1048576K
}
Event: 11.353 GC heap before
{Heap before GC invocations=27 (full 0):
 garbage-first heap   total 145408K, used 121069K [0x0000000080000000, 0x0000000100000000)
  region size 1024K, 21 young (21504K), 2 survivors (2048K)
 Metaspace       used 78138K, capacity 80240K, committed 80492K, reserved 1118208K
  class space    used 10135K, capacity 10858K, committed 11032K, reserved 1048576K
}
Event: 11.357 GC heap after
{Heap after GC invocations=28 (full 0):
 garbage-first heap   total 145408K, used 99733K [0x0000000080000000, 0x0000000100000000)
  region size 1024K, 3 young (3072K), 3 survivors (3072K)
 Metaspace       used 78138K, capacity 80240K, committed 80492K, reserved 1118208K
  class space    used 10135K, capacity 10858K, committed 11032K, reserved 1048576K
}
Event: 11.500 GC heap before
{Heap before GC invocations=28 (full 0):
 garbage-first heap   total 145408K, used 117141K [0x0000000080000000, 0x0000000100000000)
  region size 1024K, 21 young (21504K), 3 survivors (3072K)
 Metaspace       used 78265K, capacity 80469K, committed 80748K, reserved 1120256K
  class space    used 10148K, capacity 10891K, committed 11032K, reserved 1048576K
}
Event: 11.504 GC heap after
{Heap after GC invocations=29 (full 0):
 garbage-first heap   total 145408K, used 101311K [0x0000000080000000, 0x0000000100000000)
  region size 1024K, 2 young (2048K), 2 survivors (2048K)
 Metaspace       used 78265K, capacity 80469K, committed 80748K, reserved 1120256K
  class space    used 10148K, capacity 10891K, committed 11032K, reserved 1048576K
}
Event: 11.668 GC heap before
{Heap before GC invocations=30 (full 0):
 garbage-first heap   total 145408K, used 134079K [0x0000000080000000, 0x0000000100000000)
  region size 1024K, 20 young (20480K), 2 survivors (2048K)
 Metaspace       used 78625K, capacity 80783K, committed 81004K, reserved 1120256K
  class space    used 10179K, capacity 10938K, committed 11032K, reserved 1048576K
}
Event: 11.671 GC heap after
{Heap after GC invocations=31 (full 0):
 garbage-first heap   total 175104K, used 102590K [0x0000000080000000, 0x0000000100000000)
  region size 1024K, 3 young (3072K), 3 survivors (3072K)
 Metaspace       used 78625K, capacity 80783K, committed 81004K, reserved 1120256K
  class space    used 10179K, capacity 10938K, committed 11032K, reserved 1048576K
}

Deoptimization events (20 events):
Event: 11.779 Thread 0x000001bc7c555000 Uncommon trap: trap_request=0xffffffde fr.pc=0x000001bc0806bd68 relative=0x0000000000003108
Event: 11.779 Thread 0x000001bc7c555000 Uncommon trap: reason=class_check action=maybe_recompile pc=0x000001bc0806bd68 method=com.sun.org.apache.xerces.internal.impl.XMLEntityManager.setProperty(Ljava/lang/String;Ljava/lang/Object;)V @ 102 c2
Event: 11.779 Thread 0x000001bc7c555000 DEOPT PACKING pc=0x000001bc0806bd68 sp=0x00000064d0ffc9a0
Event: 11.779 Thread 0x000001bc7c555000 DEOPT UNPACKING pc=0x000001bc0002662f sp=0x00000064d0ffc918 mode 2
Event: 11.780 Thread 0x000001bc7c555000 Uncommon trap: trap_request=0xffffff4d fr.pc=0x000001bc080d35e0 relative=0x0000000000000dc0
Event: 11.780 Thread 0x000001bc7c555000 Uncommon trap: reason=unstable_if action=reinterpret pc=0x000001bc080d35e0 method=com.sun.org.apache.xerces.internal.impl.XMLEntityScanner.scanData(Ljava/lang/String;Lcom/sun/org/apache/xerces/internal/util/XMLStringBuffer;I)Z @ 347 c2
Event: 11.780 Thread 0x000001bc7c555000 DEOPT PACKING pc=0x000001bc080d35e0 sp=0x00000064d0ffc4d0
Event: 11.780 Thread 0x000001bc7c555000 DEOPT UNPACKING pc=0x000001bc0002662f sp=0x00000064d0ffc470 mode 2
Event: 11.780 Thread 0x000001bc7c555000 Uncommon trap: trap_request=0xffffffde fr.pc=0x000001bc080f91d8 relative=0x00000000000057d8
Event: 11.780 Thread 0x000001bc7c555000 Uncommon trap: reason=class_check action=maybe_recompile pc=0x000001bc080f91d8 method=com.sun.org.apache.xerces.internal.parsers.AbstractSAXParser.startNamespaceMapping()V @ 65 c2
Event: 11.780 Thread 0x000001bc7c555000 DEOPT PACKING pc=0x000001bc080f91d8 sp=0x00000064d0ffc560
Event: 11.780 Thread 0x000001bc7c555000 DEOPT UNPACKING pc=0x000001bc0002662f sp=0x00000064d0ffc438 mode 2
Event: 11.780 Thread 0x000001bc7c555000 Uncommon trap: trap_request=0xffffffde fr.pc=0x000001bc080944ac relative=0x000000000000044c
Event: 11.780 Thread 0x000001bc7c555000 Uncommon trap: reason=class_check action=maybe_recompile pc=0x000001bc080944ac method=com.sun.org.apache.xerces.internal.parsers.AbstractSAXParser.characters(Lcom/sun/org/apache/xerces/internal/xni/XMLString;Lcom/sun/org/apache/xerces/internal/xni/Augment
Event: 11.780 Thread 0x000001bc7c555000 DEOPT PACKING pc=0x000001bc080944ac sp=0x00000064d0ffc700
Event: 11.780 Thread 0x000001bc7c555000 DEOPT UNPACKING pc=0x000001bc0002662f sp=0x00000064d0ffc6b8 mode 2
Event: 11.780 Thread 0x000001bc7c555000 Uncommon trap: trap_request=0xffffffde fr.pc=0x000001bc080dc7a8 relative=0x0000000000000b68
Event: 11.780 Thread 0x000001bc7c555000 Uncommon trap: reason=class_check action=maybe_recompile pc=0x000001bc080dc7a8 method=com.sun.org.apache.xerces.internal.parsers.AbstractSAXParser.endElement(Lcom/sun/org/apache/xerces/internal/xni/QName;Lcom/sun/org/apache/xerces/internal/xni/Augmentatio
Event: 11.780 Thread 0x000001bc7c555000 DEOPT PACKING pc=0x000001bc080dc7a8 sp=0x00000064d0ffc690
Event: 11.780 Thread 0x000001bc7c555000 DEOPT UNPACKING pc=0x000001bc0002662f sp=0x00000064d0ffc630 mode 2

Classes redefined (0 events):
No events

Internal exceptions (20 events):
Event: 10.842 Thread 0x000001bc7c55b800 Implicit null exception at 0x000001bc0809ca7d to 0x000001bc0809ceb4
Event: 11.154 Thread 0x000001bc7c55b800 Implicit null exception at 0x000001bc080dfa6f to 0x000001bc080e00b0
Event: 11.154 Thread 0x000001bc7c55b800 Implicit null exception at 0x000001bc080e3303 to 0x000001bc080e3a14
Event: 11.630 Thread 0x000001bc7c55b800 Exception <a 'java/lang/NoSuchMethodError'{0x00000000887b6260}: <clinit>> (0x00000000887b6260) thrown at [./src/hotspot/share/prims/jni.cpp, line 1362]
Event: 11.630 Thread 0x000001bc7c55b800 Exception <a 'java/lang/NoSuchMethodError'{0x00000000887c5d60}: <clinit>> (0x00000000887c5d60) thrown at [./src/hotspot/share/prims/jni.cpp, line 1362]
Event: 11.631 Thread 0x000001bc7c55b800 Exception <a 'java/lang/NoSuchMethodError'{0x00000000887d80a8}: <clinit>> (0x00000000887d80a8) thrown at [./src/hotspot/share/prims/jni.cpp, line 1362]
Event: 11.681 Thread 0x000001bc7eead800 Exception <a 'java/lang/NoSuchMethodError'{0x000000008a79b398}: 'void java.lang.invoke.DirectMethodHandle$Holder.invokeStatic(java.lang.Object, long)'> (0x000000008a79b398) thrown at [./src/hotspot/share/interpreter/linkResolver.cpp, line 773]
Event: 11.681 Thread 0x000001bc7eead800 Exception <a 'java/lang/NoSuchMethodError'{0x000000008a7a05b0}: 'java.lang.Object java.lang.invoke.DirectMethodHandle$Holder.invokeStatic(java.lang.Object, long)'> (0x000000008a7a05b0) thrown at [./src/hotspot/share/interpreter/linkResolver.cpp, line 773]
Event: 11.683 Thread 0x000001bc7eead800 Exception <a 'java/lang/NoSuchMethodError'{0x000000008a63d928}: 'java.lang.Object java.lang.invoke.DirectMethodHandle$Holder.invokeStaticInit(java.lang.Object, java.lang.Object, long, java.lang.Object)'> (0x000000008a63d928) thrown at [./src/hotspot/share/interpreter/linkResolver.cpp, line 773]
Event: 11.683 Thread 0x000001bc7eead800 Exception <a 'java/lang/NoSuchMethodError'{0x000000008a6bd808}: 'java.lang.Object java.lang.invoke.DirectMethodHandle$Holder.invokeStatic(java.lang.Object, java.lang.Object, long)'> (0x000000008a6bd808) thrown at [./src/hotspot/share/interpreter/linkResolver.cpp, line 773]
Event: 11.684 Thread 0x000001bc7eead800 Exception <a 'java/lang/NoSuchMethodError'{0x000000008a6cba60}: 'java.lang.Object java.lang.invoke.Invokers$Holder.linkToTargetMethod(java.lang.Object, long, java.lang.Object)'> (0x000000008a6cba60) thrown at [./src/hotspot/share/interpreter/linkResolver.cpp, line 773]
Event: 11.690 Thread 0x000001bc7eeab800 Exception <a 'java/lang/NoSuchMethodError'{0x000000008a454068}: <clinit>> (0x000000008a454068) thrown at [./src/hotspot/share/prims/jni.cpp, line 1362]
Event: 11.739 Thread 0x000001bc7eeab800 Exception <a 'sun/nio/fs/WindowsException'{0x000000008a13f9f8}> (0x000000008a13f9f8) thrown at [./src/hotspot/share/prims/jni.cpp, line 615]
Event: 11.739 Thread 0x000001bc7eeab800 Exception <a 'sun/nio/fs/WindowsException'{0x000000008a1405e8}> (0x000000008a1405e8) thrown at [./src/hotspot/share/prims/jni.cpp, line 615]
Event: 11.739 Thread 0x000001bc7eeab800 Exception <a 'sun/nio/fs/WindowsException'{0x000000008a140968}> (0x000000008a140968) thrown at [./src/hotspot/share/prims/jni.cpp, line 615]
Event: 11.739 Thread 0x000001bc7eeab800 Exception <a 'sun/nio/fs/WindowsException'{0x000000008a151cf8}> (0x000000008a151cf8) thrown at [./src/hotspot/share/prims/jni.cpp, line 615]
Event: 11.740 Thread 0x000001bc7eeab800 Exception <a 'sun/nio/fs/WindowsException'{0x000000008a152048}> (0x000000008a152048) thrown at [./src/hotspot/share/prims/jni.cpp, line 615]
Event: 11.740 Thread 0x000001bc7eeab800 Exception <a 'sun/nio/fs/WindowsException'{0x000000008a152c20}> (0x000000008a152c20) thrown at [./src/hotspot/share/prims/jni.cpp, line 615]
Event: 11.743 Thread 0x000001bc7eeab800 Exception <a 'java/lang/NoSuchMethodError'{0x000000008a18d438}: <clinit>> (0x000000008a18d438) thrown at [./src/hotspot/share/prims/jni.cpp, line 1362]
Event: 11.744 Thread 0x000001bc7eeab800 Exception <a 'java/lang/NoSuchMethodError'{0x000000008a1a2e60}: <clinit>> (0x000000008a1a2e60) thrown at [./src/hotspot/share/prims/jni.cpp, line 1362]

Events (20 events):
Event: 11.786 loading class com/android/manifmerger/XmlNode$NamespaceAwareName
Event: 11.786 loading class com/android/manifmerger/XmlNode$NamespaceAwareName done
Event: 11.786 loading class com/android/manifmerger/ManifestModel$NodeTypes$1
Event: 11.786 loading class com/android/manifmerger/ManifestModel$NodeTypes$1 done
Event: 11.787 loading class com/android/manifmerger/IntentNodeKeyResolver
Event: 11.787 loading class com/android/manifmerger/IntentNodeKeyResolver done
Event: 11.787 loading class com/android/manifmerger/CompositeNodeKeyResolver
Event: 11.787 loading class com/android/manifmerger/CompositeNodeKeyResolver done
Event: 11.787 loading class com/android/manifmerger/IntentFilterNodeKeyResolver
Event: 11.787 loading class com/android/manifmerger/IntentFilterNodeKeyResolver done
Event: 11.788 loading class com/android/manifmerger/AttributeModel$SeparatedValuesValidator
Event: 11.788 loading class com/android/manifmerger/AttributeModel$SeparatedValuesValidator done
Event: 11.788 loading class com/android/manifmerger/ManifestModel$TwoAttributesBasedKeyResolver
Event: 11.788 loading class com/android/manifmerger/ManifestModel$TwoAttributesBasedKeyResolver done
Event: 11.789 loading class com/android/manifmerger/AttributeModel$Hexadecimal32BitsWithMinimumValue
Event: 11.789 loading class com/android/manifmerger/AttributeModel$Hexadecimal32BitsWithMinimumValue done
Event: 11.789 loading class com/android/manifmerger/AttributeModel$Hexadecimal32Bits
Event: 11.789 loading class com/android/manifmerger/AttributeModel$Hexadecimal32Bits done
Event: 11.790 loading class com/android/manifmerger/XmlAttribute
Event: 11.790 loading class com/android/manifmerger/XmlAttribute done


Dynamic libraries:
0x00007ff789070000 - 0x00007ff78907a000 	C:\Program Files\Android\Android Studio\jre\bin\java.exe
0x00007ffbe62a0000 - 0x00007ffbe64a9000 	C:\WINDOWS\SYSTEM32\ntdll.dll
0x00007ffbe42c0000 - 0x00007ffbe437d000 	C:\WINDOWS\System32\KERNEL32.DLL
0x00007ffbe3950000 - 0x00007ffbe3cc4000 	C:\WINDOWS\System32\KERNELBASE.dll
0x00007ffbe3f30000 - 0x00007ffbe4041000 	C:\WINDOWS\System32\ucrtbase.dll
0x00007ffbcf260000 - 0x00007ffbcf279000 	C:\Program Files\Android\Android Studio\jre\bin\jli.dll
0x00007ffbcde20000 - 0x00007ffbcde37000 	C:\Program Files\Android\Android Studio\jre\bin\VCRUNTIME140.dll
0x00007ffbe5f90000 - 0x00007ffbe613c000 	C:\WINDOWS\System32\USER32.dll
0x00007ffbe3d90000 - 0x00007ffbe3db6000 	C:\WINDOWS\System32\win32u.dll
0x00007ffbe4e20000 - 0x00007ffbe4e49000 	C:\WINDOWS\System32\GDI32.dll
0x00007ffbe3830000 - 0x00007ffbe3942000 	C:\WINDOWS\System32\gdi32full.dll
0x00007ffbe3790000 - 0x00007ffbe382d000 	C:\WINDOWS\System32\msvcp_win.dll
0x00007ffbca730000 - 0x00007ffbca9d5000 	C:\WINDOWS\WinSxS\amd64_microsoft.windows.common-controls_6595b64144ccf1df_6.0.22000.120_none_9d947278b86cc467\COMCTL32.dll
0x00007ffbe47a0000 - 0x00007ffbe4843000 	C:\WINDOWS\System32\msvcrt.dll
0x00007ffbe4380000 - 0x00007ffbe43b1000 	C:\WINDOWS\System32\IMM32.DLL
0x00007ffbb2b80000 - 0x00007ffbb2c1d000 	C:\Program Files\Android\Android Studio\jre\bin\msvcp140.dll
0x00007ffb88b20000 - 0x00007ffb895f5000 	C:\Program Files\Android\Android Studio\jre\bin\server\jvm.dll
0x00007ffbe4690000 - 0x00007ffbe473e000 	C:\WINDOWS\System32\ADVAPI32.dll
0x00007ffbe4d80000 - 0x00007ffbe4e1e000 	C:\WINDOWS\System32\sechost.dll
0x00007ffbe53b0000 - 0x00007ffbe54d0000 	C:\WINDOWS\System32\RPCRT4.dll
0x00007ffbe4670000 - 0x00007ffbe4678000 	C:\WINDOWS\System32\PSAPI.DLL
0x00007ffbde650000 - 0x00007ffbde659000 	C:\WINDOWS\SYSTEM32\WSOCK32.dll
0x00007ffbdd6c0000 - 0x00007ffbdd6f3000 	C:\WINDOWS\SYSTEM32\WINMM.dll
0x00007ffbdcd50000 - 0x00007ffbdcd5a000 	C:\WINDOWS\SYSTEM32\VERSION.dll
0x00007ffbe4140000 - 0x00007ffbe41af000 	C:\WINDOWS\System32\WS2_32.dll
0x00007ffbe2890000 - 0x00007ffbe28a8000 	C:\WINDOWS\SYSTEM32\kernel.appcore.dll
0x00007ffbcf290000 - 0x00007ffbcf2a1000 	C:\Program Files\Android\Android Studio\jre\bin\verify.dll
0x00007ffbd1060000 - 0x00007ffbd1281000 	C:\WINDOWS\SYSTEM32\DBGHELP.DLL
0x00007ffbd0440000 - 0x00007ffbd0471000 	C:\WINDOWS\SYSTEM32\dbgcore.DLL
0x00007ffbe40c0000 - 0x00007ffbe413f000 	C:\WINDOWS\System32\bcryptPrimitives.dll
0x00007ffbcf050000 - 0x00007ffbcf079000 	C:\Program Files\Android\Android Studio\jre\bin\java.dll
0x00007ffbde640000 - 0x00007ffbde64b000 	C:\Program Files\Android\Android Studio\jre\bin\jimage.dll
0x00007ffbcee20000 - 0x00007ffbcee38000 	C:\Program Files\Android\Android Studio\jre\bin\zip.dll
0x00007ffbe54d0000 - 0x00007ffbe5c7f000 	C:\WINDOWS\System32\SHELL32.dll
0x00007ffbe1900000 - 0x00007ffbe2168000 	C:\WINDOWS\SYSTEM32\windows.storage.dll
0x00007ffbe4970000 - 0x00007ffbe4ce8000 	C:\WINDOWS\System32\combase.dll
0x00007ffbe1790000 - 0x00007ffbe18f6000 	C:\WINDOWS\SYSTEM32\wintypes.dll
0x00007ffbe43c0000 - 0x00007ffbe44aa000 	C:\WINDOWS\System32\SHCORE.dll
0x00007ffbe4740000 - 0x00007ffbe479d000 	C:\WINDOWS\System32\shlwapi.dll
0x00007ffbe36c0000 - 0x00007ffbe36e1000 	C:\WINDOWS\SYSTEM32\profapi.dll
0x00007ffbccd70000 - 0x00007ffbccd8a000 	C:\Program Files\Android\Android Studio\jre\bin\net.dll
0x00007ffbdd460000 - 0x00007ffbdd56c000 	C:\WINDOWS\SYSTEM32\WINHTTP.dll
0x00007ffbe2cc0000 - 0x00007ffbe2d27000 	C:\WINDOWS\system32\mswsock.dll
0x00007ffbccd50000 - 0x00007ffbccd64000 	C:\Program Files\Android\Android Studio\jre\bin\nio.dll
0x00007ffbcde40000 - 0x00007ffbcde67000 	C:\Users\muham\.gradle\native\f6784746aeab05261644944871eae4fe03e0ef1612fff0a4a95f87b438bc6780\windows-amd64\native-platform.dll
0x00007ffbcf3d0000 - 0x00007ffbcf3da000 	C:\Program Files\Android\Android Studio\jre\bin\management.dll
0x00007ffbce0c0000 - 0x00007ffbce0cd000 	C:\Program Files\Android\Android Studio\jre\bin\management_ext.dll
0x00007ffbe2f00000 - 0x00007ffbe2f18000 	C:\WINDOWS\SYSTEM32\CRYPTSP.dll
0x00007ffbe27f0000 - 0x00007ffbe2825000 	C:\WINDOWS\system32\rsaenh.dll
0x00007ffbe2db0000 - 0x00007ffbe2dd9000 	C:\WINDOWS\SYSTEM32\USERENV.dll
0x00007ffbe3080000 - 0x00007ffbe30a7000 	C:\WINDOWS\SYSTEM32\bcrypt.dll
0x00007ffbe2f20000 - 0x00007ffbe2f2c000 	C:\WINDOWS\SYSTEM32\CRYPTBASE.dll
0x00007ffbe23c0000 - 0x00007ffbe23ed000 	C:\WINDOWS\SYSTEM32\IPHLPAPI.DLL
0x00007ffbe5320000 - 0x00007ffbe5329000 	C:\WINDOWS\System32\NSI.dll
0x00007ffbdd630000 - 0x00007ffbdd649000 	C:\WINDOWS\SYSTEM32\dhcpcsvc6.DLL
0x00007ffbdd750000 - 0x00007ffbdd76e000 	C:\WINDOWS\SYSTEM32\dhcpcsvc.DLL
0x00007ffbe23f0000 - 0x00007ffbe24d8000 	C:\WINDOWS\SYSTEM32\DNSAPI.dll
0x00007ffbdd620000 - 0x00007ffbdd62c000 	C:\WINDOWS\SYSTEM32\WINNSI.DLL
0x00007ffbe1140000 - 0x00007ffbe1174000 	C:\WINDOWS\SYSTEM32\ntmarta.dll

dbghelp: loaded successfully - version: 4.0.5 - missing functions: none
symbol engine: initialized successfully - sym options: 0x614 - pdb path: .;C:\Program Files\Android\Android Studio\jre\bin;C:\WINDOWS\SYSTEM32;C:\WINDOWS\WinSxS\amd64_microsoft.windows.common-controls_6595b64144ccf1df_6.0.22000.120_none_9d947278b86cc467;C:\Program Files\Android\Android Studio\jre\bin\server;C:\Users\muham\.gradle\native\f6784746aeab05261644944871eae4fe03e0ef1612fff0a4a95f87b438bc6780\windows-amd64

VM Arguments:
jvm_args: --add-opens=java.base/java.util=ALL-UNNAMED --add-opens=java.base/java.lang=ALL-UNNAMED --add-opens=java.base/java.lang.invoke=ALL-UNNAMED --add-opens=java.prefs/java.util.prefs=ALL-UNNAMED -Xmx2048m -Dfile.encoding=UTF-8 -Duser.country=IN -Duser.language=en -Duser.variant 
java_command: org.gradle.launcher.daemon.bootstrap.GradleDaemon 6.5
java_class_path (initial): C:\Users\muham\.gradle\wrapper\dists\gradle-6.5-bin\6nifqtx7604sqp1q6g8wikw7p\gradle-6.5\lib\gradle-launcher-6.5.jar
Launcher Type: SUN_STANDARD

[Global flags]
     intx CICompilerCount                          = 4                                         {product} {ergonomic}
     uint ConcGCThreads                            = 3                                         {product} {ergonomic}
     uint G1ConcRefinementThreads                  = 10                                        {product} {ergonomic}
   size_t G1HeapRegionSize                         = 1048576                                   {product} {ergonomic}
    uintx GCDrainStackTargetSize                   = 64                                        {product} {ergonomic}
   size_t InitialHeapSize                          = 123731968                                 {product} {ergonomic}
   size_t MarkStackSize                            = 4194304                                   {product} {ergonomic}
   size_t MaxHeapSize                              = 2147483648                                {product} {command line}
   size_t MaxNewSize                               = 1287651328                                {product} {ergonomic}
   size_t MinHeapDeltaBytes                        = 1048576                                   {product} {ergonomic}
    uintx NonNMethodCodeHeapSize                   = 5836300                                {pd product} {ergonomic}
    uintx NonProfiledCodeHeapSize                  = 122910970                              {pd product} {ergonomic}
    uintx ProfiledCodeHeapSize                     = 122910970                              {pd product} {ergonomic}
    uintx ReservedCodeCacheSize                    = 251658240                              {pd product} {ergonomic}
     bool SegmentedCodeCache                       = true                                      {product} {ergonomic}
     bool UseCompressedClassPointers               = true                                 {lp64_product} {ergonomic}
     bool UseCompressedOops                        = true                                 {lp64_product} {ergonomic}
     bool UseG1GC                                  = true                                      {product} {ergonomic}
     bool UseLargePagesIndividualAllocation        = false                                  {pd product} {ergonomic}

Logging:
Log output configuration:
 #0: stdout all=warning uptime,level,tags
 #1: stderr all=off uptime,level,tags

Environment Variables:
PATH=C:\Program Files\Common Files\Oracle\Java\javapath;C:\Program Files (x86)\Common Files\Oracle\Java\javapath;C:\windows\system32;C:\windows;C:\windows\System32\Wbem;C:\windows\System32\WindowsPowerShell\v1.0\;C:\windows\System32\OpenSSH\;C:\Program Files (x86)\NVIDIA Corporation\PhysX\Common;C:\Program Files\NVIDIA Corporation\NVIDIA NvDLISR;C:\Program Files\dotnet\;C:\WINDOWS\system32;C:\WINDOWS;C:\WINDOWS\System32\Wbem;C:\WINDOWS\System32\WindowsPowerShell\v1.0\;C:\WINDOWS\System32\OpenSSH\;C:\Program Files\Git\cmd;C:\Users\muham\AppData\Local\Programs\Python\Python36-32\Scripts\;C:\Users\muham\AppData\Local\Programs\Python\Python36-32\;C:\Users\muham\AppData\Local\Microsoft\WindowsApps;C:\Users\muham\AppData\Local\Programs\Microsoft VS Code\bin;C:\Users\muham\AppData\Local\Android\Sdk\platform-tools;C:\Program Files\Java\jdk-18.0.1.1\bin;
USERNAME=muham
OS=Windows_NT
PROCESSOR_IDENTIFIER=AMD64 Family 25 Model 80 Stepping 0, AuthenticAMD



---------------  S Y S T E M  ---------------

OS: Windows 10 , 64 bit Build 22000 (10.0.22000.613)
OS uptime: 9 days 21:42 hours

CPU:total 12 (initial active 12) (12 cores per cpu, 2 threads per core) family 25 model 80 stepping 0 microcode 0x0, cmov, cx8, fxsr, mmx, sse, sse2, sse3, ssse3, sse4.1, sse4.2, popcnt, avx, avx2, aes, clmul, erms, mmxext, 3dnowpref, lzcnt, sse4a, ht, tsc, tscinvbit, tscinv, bmi1, bmi2,

Memory: 4k page, system-wide physical 7524M (672M free)
TotalPageFile size 31076M (AvailPageFile size 5M)
current process WorkingSet (physical memory assigned to process): 410M, peak: 410M
current process commit charge ("private bytes"): 473M, peak: 474M

vm_info: OpenJDK 64-Bit Server VM (11.0.11+9-b60-7590822) for windows-amd64 JRE (11.0.11+9-b60-7590822), built on Jul 29 2021 21:43:44 by "builder" with MS VC++ 14.0 (VS2015)

END.
